[2025-12-13 11:39:08,303 : INFO : main : #### Starting Data Ingestion ####]
[2025-12-13 11:39:08,306 : INFO : common : yaml file: config\config.yaml loaded successfully]
[2025-12-13 11:39:08,306 : INFO : common : yaml file: config\params.yaml loaded successfully]
[2025-12-13 11:39:08,311 : INFO : common : yaml file: schema.yaml loaded successfully]
[2025-12-13 11:39:08,311 : INFO : common : created directory at: artifacts]
[2025-12-13 11:39:08,312 : INFO : common : created directory at: artifacts/data_ingestion]
[2025-12-13 11:39:08,312 : INFO : data_ingestion : Downloading data from https://drive.google.com/file/d/1_OU_E76YpZQGGZpLhQmT8qoqksDNn14p/view?usp=drive_link into file artifacts\data_ingestion\data.zip]
[2025-12-13 11:39:11,329 : INFO : data_ingestion : Downloaded data from https://drive.google.com/file/d/1_OU_E76YpZQGGZpLhQmT8qoqksDNn14p/view?usp=drive_link into file artifacts\data_ingestion\data.zip]
[2025-12-13 11:39:11,340 : INFO : main : #### completed Data Ingestion stage ####]
[2025-12-13 11:39:11,343 : INFO : main : #### Starting Data validation ####]
[2025-12-13 11:39:11,348 : INFO : common : yaml file: config\config.yaml loaded successfully]
[2025-12-13 11:39:11,351 : INFO : common : yaml file: config\params.yaml loaded successfully]
[2025-12-13 11:39:11,352 : INFO : common : yaml file: schema.yaml loaded successfully]
[2025-12-13 11:39:11,352 : INFO : common : created directory at: artifacts]
[2025-12-13 11:39:11,352 : INFO : common : created directory at: artifacts/data_validation]
[2025-12-13 11:39:11,378 : INFO : data_validation : validation completed]
[2025-12-13 11:39:11,383 : INFO : main : #### completed Data validation stage ####]
[2025-12-13 11:39:11,387 : INFO : main : #### Starting Data transformation ####]
[2025-12-13 11:39:11,391 : INFO : common : yaml file: config\config.yaml loaded successfully]
[2025-12-13 11:39:11,397 : INFO : common : yaml file: config\params.yaml loaded successfully]
[2025-12-13 11:39:11,400 : INFO : common : yaml file: schema.yaml loaded successfully]
[2025-12-13 11:39:11,401 : INFO : common : created directory at: artifacts]
[2025-12-13 11:39:11,402 : INFO : common : created directory at: artifacts/data_transformation]
[2025-12-13 11:39:11,426 : INFO : data_transformation : dropped duplicates...]
[2025-12-13 11:39:11,438 : INFO : data_transformation : Removed Outliers...]
[2025-12-13 11:39:11,438 : INFO : data_transformation : Removing unwanted columns]
[2025-12-13 11:39:11,444 : INFO : data_transformation : Encoded categorical variables...]
[2025-12-13 11:39:11,449 : INFO : data_transformation : Splitted data into train and test...]
[2025-12-13 11:39:11,461 : INFO : data_transformation : Applied Standard Scaler...]
[2025-12-13 11:39:11,595 : INFO : data_transformation : Train set shape : (7600, 12)]
[2025-12-13 11:39:11,599 : INFO : data_transformation : Test set shape : (1900, 12)]
[2025-12-13 11:39:11,601 : INFO : main : #### completed Data transformation stage ####]
[2025-12-13 11:39:11,603 : INFO : main : #### Starting Model Training ####]
[2025-12-13 11:39:11,608 : INFO : common : yaml file: config\config.yaml loaded successfully]
[2025-12-13 11:39:11,611 : INFO : common : yaml file: config\params.yaml loaded successfully]
[2025-12-13 11:39:11,615 : INFO : common : yaml file: schema.yaml loaded successfully]
[2025-12-13 11:39:11,615 : INFO : common : created directory at: artifacts]
[2025-12-13 11:39:11,615 : INFO : common : created directory at: artifacts/model_training]
[2025-12-13 11:39:11,644 : ERROR : main : [Errno 2] No such file or directory: '../../../artifacts/data_transformation/test.csv']
Traceback (most recent call last):
  File "C:\house-rent-prediction-model\main.py", line 39, in <module>
    obj.main()
  File "C:\house-rent-prediction-model\src\House_Rent_Prediction\pipeline\st_4_model_training.py", line 12, in main
    model_training = ModelTraining(model_training_config)
  File "C:\house-rent-prediction-model\src\House_Rent_Prediction\components\model_training.py", line 21, in __init__
    self.testing_set = pd.read_csv("../../../artifacts/data_transformation/test.csv")
  File "C:\Users\thala\anaconda3\envs\myenv\lib\site-packages\pandas\io\parsers\readers.py", line 1026, in read_csv
    return _read(filepath_or_buffer, kwds)
  File "C:\Users\thala\anaconda3\envs\myenv\lib\site-packages\pandas\io\parsers\readers.py", line 620, in _read
    parser = TextFileReader(filepath_or_buffer, **kwds)
  File "C:\Users\thala\anaconda3\envs\myenv\lib\site-packages\pandas\io\parsers\readers.py", line 1620, in __init__
    self._engine = self._make_engine(f, self.engine)
  File "C:\Users\thala\anaconda3\envs\myenv\lib\site-packages\pandas\io\parsers\readers.py", line 1880, in _make_engine
    self.handles = get_handle(
  File "C:\Users\thala\anaconda3\envs\myenv\lib\site-packages\pandas\io\common.py", line 873, in get_handle
    handle = open(
FileNotFoundError: [Errno 2] No such file or directory: '../../../artifacts/data_transformation/test.csv'
[2025-12-13 11:40:58,176 : INFO : main : #### Starting Data Ingestion ####]
[2025-12-13 11:40:58,176 : INFO : common : yaml file: config\config.yaml loaded successfully]
[2025-12-13 11:40:58,183 : INFO : common : yaml file: config\params.yaml loaded successfully]
[2025-12-13 11:40:58,187 : INFO : common : yaml file: schema.yaml loaded successfully]
[2025-12-13 11:40:58,187 : INFO : common : created directory at: artifacts]
[2025-12-13 11:40:58,187 : INFO : common : created directory at: artifacts/data_ingestion]
[2025-12-13 11:40:58,187 : INFO : data_ingestion : Downloading data from https://drive.google.com/file/d/1_OU_E76YpZQGGZpLhQmT8qoqksDNn14p/view?usp=drive_link into file artifacts\data_ingestion\data.zip]
[2025-12-13 11:41:01,126 : INFO : data_ingestion : Downloaded data from https://drive.google.com/file/d/1_OU_E76YpZQGGZpLhQmT8qoqksDNn14p/view?usp=drive_link into file artifacts\data_ingestion\data.zip]
[2025-12-13 11:41:01,134 : INFO : main : #### completed Data Ingestion stage ####]
[2025-12-13 11:41:01,140 : INFO : main : #### Starting Data validation ####]
[2025-12-13 11:41:01,146 : INFO : common : yaml file: config\config.yaml loaded successfully]
[2025-12-13 11:41:01,149 : INFO : common : yaml file: config\params.yaml loaded successfully]
[2025-12-13 11:41:01,153 : INFO : common : yaml file: schema.yaml loaded successfully]
[2025-12-13 11:41:01,153 : INFO : common : created directory at: artifacts]
[2025-12-13 11:41:01,154 : INFO : common : created directory at: artifacts/data_validation]
[2025-12-13 11:41:01,177 : INFO : data_validation : validation completed]
[2025-12-13 11:41:01,179 : INFO : main : #### completed Data validation stage ####]
[2025-12-13 11:41:01,179 : INFO : main : #### Starting Data transformation ####]
[2025-12-13 11:41:01,185 : INFO : common : yaml file: config\config.yaml loaded successfully]
[2025-12-13 11:41:01,191 : INFO : common : yaml file: config\params.yaml loaded successfully]
[2025-12-13 11:41:01,195 : INFO : common : yaml file: schema.yaml loaded successfully]
[2025-12-13 11:41:01,196 : INFO : common : created directory at: artifacts]
[2025-12-13 11:41:01,196 : INFO : common : created directory at: artifacts/data_transformation]
[2025-12-13 11:41:01,232 : INFO : data_transformation : dropped duplicates...]
[2025-12-13 11:41:01,242 : INFO : data_transformation : Removed Outliers...]
[2025-12-13 11:41:01,242 : INFO : data_transformation : Removing unwanted columns]
[2025-12-13 11:41:01,252 : INFO : data_transformation : Encoded categorical variables...]
[2025-12-13 11:41:01,261 : INFO : data_transformation : Splitted data into train and test...]
[2025-12-13 11:41:01,271 : INFO : data_transformation : Applied Standard Scaler...]
[2025-12-13 11:41:01,425 : INFO : data_transformation : Train set shape : (7600, 12)]
[2025-12-13 11:41:01,425 : INFO : data_transformation : Test set shape : (1900, 12)]
[2025-12-13 11:41:01,425 : INFO : main : #### completed Data transformation stage ####]
[2025-12-13 11:41:01,425 : INFO : main : #### Starting Model Training ####]
[2025-12-13 11:41:01,428 : INFO : common : yaml file: config\config.yaml loaded successfully]
[2025-12-13 11:41:01,428 : INFO : common : yaml file: config\params.yaml loaded successfully]
[2025-12-13 11:41:01,434 : INFO : common : yaml file: schema.yaml loaded successfully]
[2025-12-13 11:41:01,437 : INFO : common : created directory at: artifacts]
[2025-12-13 11:41:01,437 : INFO : common : created directory at: artifacts/model_training]
[2025-12-13 11:41:01,527 : INFO : model_training : Starting Polynomial_regrssor]
[2025-12-13 11:41:06,316 : INFO : model_training : Trained and dumpted poly_reg successfully]
[2025-12-13 11:41:06,323 : INFO : model_training : Starting Random_forest_regrssor]
[2025-12-13 11:41:10,333 : INFO : model_training : Trained and dumpted Random_forest_regrssor successfully]
[2025-12-13 11:41:10,345 : INFO : model_training : Starting xgboost]
[2025-12-13 11:44:14,865 : INFO : main : #### Starting Data Ingestion ####]
[2025-12-13 11:44:14,870 : INFO : common : yaml file: config\config.yaml loaded successfully]
[2025-12-13 11:44:14,875 : INFO : common : yaml file: config\params.yaml loaded successfully]
[2025-12-13 11:44:14,892 : INFO : common : yaml file: schema.yaml loaded successfully]
[2025-12-13 11:44:14,898 : INFO : common : created directory at: artifacts]
[2025-12-13 11:44:14,901 : INFO : common : created directory at: artifacts/data_ingestion]
[2025-12-13 11:44:14,901 : INFO : data_ingestion : Downloading data from https://drive.google.com/file/d/1_OU_E76YpZQGGZpLhQmT8qoqksDNn14p/view?usp=drive_link into file artifacts\data_ingestion\data.zip]
[2025-12-13 11:44:18,106 : INFO : data_ingestion : Downloaded data from https://drive.google.com/file/d/1_OU_E76YpZQGGZpLhQmT8qoqksDNn14p/view?usp=drive_link into file artifacts\data_ingestion\data.zip]
[2025-12-13 11:44:18,115 : INFO : main : #### completed Data Ingestion stage ####]
[2025-12-13 11:44:18,117 : INFO : main : #### Starting Data validation ####]
[2025-12-13 11:44:18,121 : INFO : common : yaml file: config\config.yaml loaded successfully]
[2025-12-13 11:44:18,123 : INFO : common : yaml file: config\params.yaml loaded successfully]
[2025-12-13 11:44:18,128 : INFO : common : yaml file: schema.yaml loaded successfully]
[2025-12-13 11:44:18,133 : INFO : common : created directory at: artifacts]
[2025-12-13 11:44:18,137 : INFO : common : created directory at: artifacts/data_validation]
[2025-12-13 11:44:18,164 : INFO : data_validation : validation completed]
[2025-12-13 11:44:18,167 : INFO : main : #### completed Data validation stage ####]
[2025-12-13 11:44:18,167 : INFO : main : #### Starting Data transformation ####]
[2025-12-13 11:44:18,172 : INFO : common : yaml file: config\config.yaml loaded successfully]
[2025-12-13 11:44:18,176 : INFO : common : yaml file: config\params.yaml loaded successfully]
[2025-12-13 11:44:18,176 : INFO : common : yaml file: schema.yaml loaded successfully]
[2025-12-13 11:44:18,182 : INFO : common : created directory at: artifacts]
[2025-12-13 11:44:18,182 : INFO : common : created directory at: artifacts/data_transformation]
[2025-12-13 11:44:18,211 : INFO : data_transformation : dropped duplicates...]
[2025-12-13 11:44:18,215 : INFO : data_transformation : Removed Outliers...]
[2025-12-13 11:44:18,219 : INFO : data_transformation : Removing unwanted columns]
[2025-12-13 11:44:18,230 : INFO : data_transformation : Encoded categorical variables...]
[2025-12-13 11:44:18,235 : INFO : data_transformation : Splitted data into train and test...]
[2025-12-13 11:44:18,247 : INFO : data_transformation : Applied Standard Scaler...]
[2025-12-13 11:44:18,378 : INFO : data_transformation : Train set shape : (7600, 12)]
[2025-12-13 11:44:18,378 : INFO : data_transformation : Test set shape : (1900, 12)]
[2025-12-13 11:44:18,378 : INFO : main : #### completed Data transformation stage ####]
[2025-12-13 11:44:18,378 : INFO : main : #### Starting Model Training ####]
[2025-12-13 11:44:18,384 : INFO : common : yaml file: config\config.yaml loaded successfully]
[2025-12-13 11:44:18,385 : INFO : common : yaml file: config\params.yaml loaded successfully]
[2025-12-13 11:44:18,387 : INFO : common : yaml file: schema.yaml loaded successfully]
[2025-12-13 11:44:18,390 : INFO : common : created directory at: artifacts]
[2025-12-13 11:44:18,391 : INFO : common : created directory at: artifacts/model_training]
[2025-12-13 11:44:18,420 : ERROR : main : [Errno 2] No such file or directory: '../../../artifacts/data_transformation/test.csv']
Traceback (most recent call last):
  File "C:\house-rent-prediction-model\main.py", line 39, in <module>
    obj.main()
  File "C:\house-rent-prediction-model\src\House_Rent_Prediction\pipeline\st_4_model_training.py", line 12, in main
    model_training = ModelTraining(model_training_config)
  File "C:\house-rent-prediction-model\src\House_Rent_Prediction\components\model_training.py", line 21, in __init__
    self.testing_set = pd.read_csv('../../../artifacts/data_transformation/test.csv')
  File "C:\Users\thala\anaconda3\envs\myenv\lib\site-packages\pandas\io\parsers\readers.py", line 1026, in read_csv
    return _read(filepath_or_buffer, kwds)
  File "C:\Users\thala\anaconda3\envs\myenv\lib\site-packages\pandas\io\parsers\readers.py", line 620, in _read
    parser = TextFileReader(filepath_or_buffer, **kwds)
  File "C:\Users\thala\anaconda3\envs\myenv\lib\site-packages\pandas\io\parsers\readers.py", line 1620, in __init__
    self._engine = self._make_engine(f, self.engine)
  File "C:\Users\thala\anaconda3\envs\myenv\lib\site-packages\pandas\io\parsers\readers.py", line 1880, in _make_engine
    self.handles = get_handle(
  File "C:\Users\thala\anaconda3\envs\myenv\lib\site-packages\pandas\io\common.py", line 873, in get_handle
    handle = open(
FileNotFoundError: [Errno 2] No such file or directory: '../../../artifacts/data_transformation/test.csv'
[2025-12-13 11:53:24,642 : INFO : main : #### Starting Data Ingestion ####]
[2025-12-13 11:53:24,647 : INFO : common : yaml file: config\config.yaml loaded successfully]
[2025-12-13 11:53:24,650 : INFO : common : yaml file: config\params.yaml loaded successfully]
[2025-12-13 11:53:24,651 : INFO : common : yaml file: schema.yaml loaded successfully]
[2025-12-13 11:53:24,651 : INFO : common : created directory at: artifacts]
[2025-12-13 11:53:24,654 : INFO : common : created directory at: artifacts/data_ingestion]
[2025-12-13 11:53:24,654 : INFO : data_ingestion : Downloading data from https://drive.google.com/file/d/1_OU_E76YpZQGGZpLhQmT8qoqksDNn14p/view?usp=drive_link into file artifacts\data_ingestion\data.zip]
[2025-12-13 11:53:27,793 : INFO : data_ingestion : Downloaded data from https://drive.google.com/file/d/1_OU_E76YpZQGGZpLhQmT8qoqksDNn14p/view?usp=drive_link into file artifacts\data_ingestion\data.zip]
[2025-12-13 11:53:27,805 : INFO : main : #### completed Data Ingestion stage ####]
[2025-12-13 11:53:27,810 : INFO : main : #### Starting Data validation ####]
[2025-12-13 11:53:27,825 : INFO : common : yaml file: config\config.yaml loaded successfully]
[2025-12-13 11:53:27,828 : INFO : common : yaml file: config\params.yaml loaded successfully]
[2025-12-13 11:53:27,835 : INFO : common : yaml file: schema.yaml loaded successfully]
[2025-12-13 11:53:27,837 : INFO : common : created directory at: artifacts]
[2025-12-13 11:53:27,840 : INFO : common : created directory at: artifacts/data_validation]
[2025-12-13 11:53:27,870 : INFO : data_validation : validation completed]
[2025-12-13 11:53:27,872 : INFO : main : #### completed Data validation stage ####]
[2025-12-13 11:53:27,873 : INFO : main : #### Starting Data transformation ####]
[2025-12-13 11:53:27,879 : INFO : common : yaml file: config\config.yaml loaded successfully]
[2025-12-13 11:53:27,884 : INFO : common : yaml file: config\params.yaml loaded successfully]
[2025-12-13 11:53:27,886 : INFO : common : yaml file: schema.yaml loaded successfully]
[2025-12-13 11:53:27,887 : INFO : common : created directory at: artifacts]
[2025-12-13 11:53:27,888 : INFO : common : created directory at: artifacts/data_transformation]
[2025-12-13 11:53:27,923 : INFO : data_transformation : dropped duplicates...]
[2025-12-13 11:53:27,928 : INFO : data_transformation : Removed Outliers...]
[2025-12-13 11:53:27,930 : INFO : data_transformation : Removing unwanted columns]
[2025-12-13 11:53:27,938 : INFO : data_transformation : Encoded categorical variables...]
[2025-12-13 11:53:27,942 : INFO : data_transformation : Splitted data into train and test...]
[2025-12-13 11:53:27,953 : INFO : data_transformation : Applied Standard Scaler...]
[2025-12-13 11:53:28,153 : INFO : data_transformation : Train set shape : (7600, 12)]
[2025-12-13 11:53:28,153 : INFO : data_transformation : Test set shape : (1900, 12)]
[2025-12-13 11:53:28,155 : INFO : main : #### completed Data transformation stage ####]
[2025-12-13 11:53:28,155 : INFO : main : #### Starting Model Training ####]
[2025-12-13 11:53:28,157 : INFO : common : yaml file: config\config.yaml loaded successfully]
[2025-12-13 11:53:28,162 : INFO : common : yaml file: config\params.yaml loaded successfully]
[2025-12-13 11:53:28,165 : INFO : common : yaml file: schema.yaml loaded successfully]
[2025-12-13 11:53:28,165 : INFO : common : created directory at: artifacts]
[2025-12-13 11:53:28,165 : INFO : common : created directory at: artifacts/model_training]
[2025-12-13 11:53:28,238 : INFO : model_training : Starting Polynomial_regrssor]
[2025-12-13 11:53:31,865 : ERROR : main : 'ModelTraining' object has no attribute 'x_test']
Traceback (most recent call last):
  File "C:\house-rent-prediction-model\main.py", line 39, in <module>
    obj.main()
  File "C:\house-rent-prediction-model\src\House_Rent_Prediction\pipeline\st_4_model_training.py", line 13, in main
    model_training.train_poly()
  File "C:\house-rent-prediction-model\src\House_Rent_Prediction\components\model_training.py", line 39, in train_poly
    y_pred = lin_reg.predict(poly.transform(self.x_test))
AttributeError: 'ModelTraining' object has no attribute 'x_test'
[2025-12-13 11:54:57,789 : INFO : main : #### Starting Data Ingestion ####]
[2025-12-13 11:54:57,795 : INFO : common : yaml file: config\config.yaml loaded successfully]
[2025-12-13 11:54:57,797 : INFO : common : yaml file: config\params.yaml loaded successfully]
[2025-12-13 11:54:57,799 : INFO : common : yaml file: schema.yaml loaded successfully]
[2025-12-13 11:54:57,799 : INFO : common : created directory at: artifacts]
[2025-12-13 11:54:57,801 : INFO : common : created directory at: artifacts/data_ingestion]
[2025-12-13 11:54:57,801 : INFO : data_ingestion : Downloading data from https://drive.google.com/file/d/1_OU_E76YpZQGGZpLhQmT8qoqksDNn14p/view?usp=drive_link into file artifacts\data_ingestion\data.zip]
[2025-12-13 11:55:00,873 : INFO : data_ingestion : Downloaded data from https://drive.google.com/file/d/1_OU_E76YpZQGGZpLhQmT8qoqksDNn14p/view?usp=drive_link into file artifacts\data_ingestion\data.zip]
[2025-12-13 11:55:00,885 : INFO : main : #### completed Data Ingestion stage ####]
[2025-12-13 11:55:00,889 : INFO : main : #### Starting Data validation ####]
[2025-12-13 11:55:00,892 : INFO : common : yaml file: config\config.yaml loaded successfully]
[2025-12-13 11:55:00,899 : INFO : common : yaml file: config\params.yaml loaded successfully]
[2025-12-13 11:55:00,899 : INFO : common : yaml file: schema.yaml loaded successfully]
[2025-12-13 11:55:00,903 : INFO : common : created directory at: artifacts]
[2025-12-13 11:55:00,904 : INFO : common : created directory at: artifacts/data_validation]
[2025-12-13 11:55:00,925 : INFO : data_validation : validation completed]
[2025-12-13 11:55:00,927 : INFO : main : #### completed Data validation stage ####]
[2025-12-13 11:55:00,927 : INFO : main : #### Starting Data transformation ####]
[2025-12-13 11:55:00,932 : INFO : common : yaml file: config\config.yaml loaded successfully]
[2025-12-13 11:55:00,935 : INFO : common : yaml file: config\params.yaml loaded successfully]
[2025-12-13 11:55:00,936 : INFO : common : yaml file: schema.yaml loaded successfully]
[2025-12-13 11:55:00,937 : INFO : common : created directory at: artifacts]
[2025-12-13 11:55:00,937 : INFO : common : created directory at: artifacts/data_transformation]
[2025-12-13 11:55:00,958 : INFO : data_transformation : dropped duplicates...]
[2025-12-13 11:55:00,963 : INFO : data_transformation : Removed Outliers...]
[2025-12-13 11:55:00,963 : INFO : data_transformation : Removing unwanted columns]
[2025-12-13 11:55:00,969 : INFO : data_transformation : Encoded categorical variables...]
[2025-12-13 11:55:00,971 : INFO : data_transformation : Splitted data into train and test...]
[2025-12-13 11:55:00,978 : INFO : data_transformation : Applied Standard Scaler...]
[2025-12-13 11:55:01,100 : INFO : data_transformation : Train set shape : (7600, 12)]
[2025-12-13 11:55:01,100 : INFO : data_transformation : Test set shape : (1900, 12)]
[2025-12-13 11:55:01,102 : INFO : main : #### completed Data transformation stage ####]
[2025-12-13 11:55:01,102 : INFO : main : #### Starting Model Training ####]
[2025-12-13 11:55:01,103 : INFO : common : yaml file: config\config.yaml loaded successfully]
[2025-12-13 11:55:01,108 : INFO : common : yaml file: config\params.yaml loaded successfully]
[2025-12-13 11:55:01,110 : INFO : common : yaml file: schema.yaml loaded successfully]
[2025-12-13 11:55:01,111 : INFO : common : created directory at: artifacts]
[2025-12-13 11:55:01,112 : INFO : common : created directory at: artifacts/model_training]
[2025-12-13 11:55:01,151 : INFO : model_training : Starting Polynomial_regrssor]
[2025-12-13 11:55:05,346 : INFO : model_training : Trained and dumpted poly_reg successfully]
[2025-12-13 11:55:05,362 : INFO : model_training : Starting Random_forest_regrssor]
[2025-12-13 11:55:09,594 : INFO : model_training : Trained and dumpted Random_forest_regrssor successfully]
[2025-12-13 11:55:09,605 : INFO : model_training : Starting xgboost]
[2025-12-13 11:55:10,122 : INFO : model_training : Trained and dumpted xgboost successfully]
[2025-12-13 11:56:02,838 : INFO : model_training : Trained and mlp successfully]
[2025-12-13 11:56:02,843 : INFO : main : #### completed Model Training ####]
[2025-12-13 11:56:02,843 : INFO : main : #### Starting Model Evaluation ####]
[2025-12-13 11:56:02,847 : INFO : common : yaml file: config\config.yaml loaded successfully]
[2025-12-13 11:56:02,851 : INFO : common : yaml file: config\params.yaml loaded successfully]
[2025-12-13 11:56:02,854 : INFO : common : yaml file: schema.yaml loaded successfully]
[2025-12-13 11:56:02,854 : INFO : common : created directory at: artifacts]
[2025-12-13 11:56:02,856 : INFO : common : created directory at: artifacts/model_evaluation]
[2025-12-13 11:56:16,547 : INFO : common : json file saved at: artifacts\model_evaluation\metrics.json]
[2025-12-13 11:56:16,558 : INFO : main : #### completed Model Evaluation ####]
[2025-12-13 12:01:28,846 : INFO : main : #### Starting Data Ingestion ####]
[2025-12-13 12:01:28,852 : INFO : common : yaml file: config\config.yaml loaded successfully]
[2025-12-13 12:01:28,857 : INFO : common : yaml file: config\params.yaml loaded successfully]
[2025-12-13 12:01:28,858 : INFO : common : yaml file: schema.yaml loaded successfully]
[2025-12-13 12:01:28,858 : INFO : common : created directory at: artifacts]
[2025-12-13 12:01:28,862 : INFO : common : created directory at: artifacts/data_ingestion]
[2025-12-13 12:01:28,863 : INFO : data_ingestion : Downloading data from https://drive.google.com/file/d/1_OU_E76YpZQGGZpLhQmT8qoqksDNn14p/view?usp=drive_link into file artifacts\data_ingestion\data.zip]
[2025-12-13 12:01:32,063 : INFO : data_ingestion : Downloaded data from https://drive.google.com/file/d/1_OU_E76YpZQGGZpLhQmT8qoqksDNn14p/view?usp=drive_link into file artifacts\data_ingestion\data.zip]
[2025-12-13 12:01:32,073 : INFO : main : #### completed Data Ingestion stage ####]
[2025-12-13 12:01:32,077 : INFO : main : #### Starting Data validation ####]
[2025-12-13 12:01:32,084 : INFO : common : yaml file: config\config.yaml loaded successfully]
[2025-12-13 12:01:32,089 : INFO : common : yaml file: config\params.yaml loaded successfully]
[2025-12-13 12:01:32,091 : INFO : common : yaml file: schema.yaml loaded successfully]
[2025-12-13 12:01:32,091 : INFO : common : created directory at: artifacts]
[2025-12-13 12:01:32,091 : INFO : common : created directory at: artifacts/data_validation]
[2025-12-13 12:01:32,124 : INFO : data_validation : validation completed]
[2025-12-13 12:01:32,126 : INFO : main : #### completed Data validation stage ####]
[2025-12-13 12:01:32,129 : INFO : main : #### Starting Data transformation ####]
[2025-12-13 12:01:32,132 : INFO : common : yaml file: config\config.yaml loaded successfully]
[2025-12-13 12:01:32,137 : INFO : common : yaml file: config\params.yaml loaded successfully]
[2025-12-13 12:01:32,142 : INFO : common : yaml file: schema.yaml loaded successfully]
[2025-12-13 12:01:32,143 : INFO : common : created directory at: artifacts]
[2025-12-13 12:01:32,144 : INFO : common : created directory at: artifacts/data_transformation]
[2025-12-13 12:01:32,177 : INFO : data_transformation : dropped duplicates...]
[2025-12-13 12:01:32,186 : INFO : data_transformation : Removed Outliers...]
[2025-12-13 12:01:32,186 : INFO : data_transformation : Removing unwanted columns]
[2025-12-13 12:01:32,194 : INFO : data_transformation : Encoded categorical variables...]
[2025-12-13 12:01:32,197 : INFO : data_transformation : Splitted data into train and test...]
[2025-12-13 12:01:32,205 : INFO : data_transformation : Applied Standard Scaler...]
[2025-12-13 12:01:32,359 : INFO : data_transformation : Train set shape : (7600, 12)]
[2025-12-13 12:01:32,359 : INFO : data_transformation : Test set shape : (1900, 12)]
[2025-12-13 12:01:32,359 : INFO : main : #### completed Data transformation stage ####]
[2025-12-13 12:01:32,359 : INFO : main : #### Starting Model Training ####]
[2025-12-13 12:01:32,364 : INFO : common : yaml file: config\config.yaml loaded successfully]
[2025-12-13 12:01:32,367 : INFO : common : yaml file: config\params.yaml loaded successfully]
[2025-12-13 12:01:32,371 : INFO : common : yaml file: schema.yaml loaded successfully]
[2025-12-13 12:01:32,371 : INFO : common : created directory at: artifacts]
[2025-12-13 12:01:32,374 : INFO : common : created directory at: artifacts/model_training]
[2025-12-13 12:01:32,440 : INFO : model_training : Starting Polynomial_regrssor]
[2025-12-13 12:01:38,601 : INFO : model_training : Trained and dumpted poly_reg successfully]
[2025-12-13 12:01:38,613 : INFO : model_training : Starting Random_forest_regrssor]
[2025-12-13 12:01:43,435 : INFO : model_training : Trained and dumpted Random_forest_regrssor successfully]
[2025-12-13 12:01:43,451 : INFO : model_training : Starting xgboost]
[2025-12-13 12:01:43,989 : INFO : model_training : Trained and dumpted xgboost successfully]
[2025-12-13 12:02:29,403 : INFO : model_training : Trained and mlp successfully]
[2025-12-13 12:02:29,404 : INFO : main : #### completed Model Training ####]
[2025-12-13 12:02:29,404 : INFO : main : #### Starting Model Evaluation ####]
[2025-12-13 12:02:29,409 : INFO : common : yaml file: config\config.yaml loaded successfully]
[2025-12-13 12:02:29,411 : INFO : common : yaml file: config\params.yaml loaded successfully]
[2025-12-13 12:02:29,414 : INFO : common : yaml file: schema.yaml loaded successfully]
[2025-12-13 12:02:29,414 : INFO : common : created directory at: artifacts]
[2025-12-13 12:02:29,414 : INFO : common : created directory at: artifacts/model_evaluation]
[2025-12-13 12:02:43,223 : INFO : common : json file saved at: artifacts\model_evaluation\metrics.json]
[2025-12-13 12:02:43,225 : INFO : main : #### completed Model Evaluation ####]
[2025-12-13 12:04:07,126 : INFO : main : #### Starting Data Ingestion ####]
[2025-12-13 12:04:07,134 : INFO : common : yaml file: config\config.yaml loaded successfully]
[2025-12-13 12:04:07,135 : INFO : common : yaml file: config\params.yaml loaded successfully]
[2025-12-13 12:04:07,139 : INFO : common : yaml file: schema.yaml loaded successfully]
[2025-12-13 12:04:07,143 : INFO : common : created directory at: artifacts]
[2025-12-13 12:04:07,147 : INFO : common : created directory at: artifacts/data_ingestion]
[2025-12-13 12:04:07,147 : INFO : data_ingestion : Downloading data from https://drive.google.com/file/d/1_OU_E76YpZQGGZpLhQmT8qoqksDNn14p/view?usp=drive_link into file artifacts\data_ingestion\data.zip]
[2025-12-13 12:04:10,421 : INFO : data_ingestion : Downloaded data from https://drive.google.com/file/d/1_OU_E76YpZQGGZpLhQmT8qoqksDNn14p/view?usp=drive_link into file artifacts\data_ingestion\data.zip]
[2025-12-13 12:04:10,429 : INFO : main : #### completed Data Ingestion stage ####]
[2025-12-13 12:04:10,442 : INFO : main : #### Starting Data validation ####]
[2025-12-13 12:04:10,450 : INFO : common : yaml file: config\config.yaml loaded successfully]
[2025-12-13 12:04:10,456 : INFO : common : yaml file: config\params.yaml loaded successfully]
[2025-12-13 12:04:10,458 : INFO : common : yaml file: schema.yaml loaded successfully]
[2025-12-13 12:04:10,460 : INFO : common : created directory at: artifacts]
[2025-12-13 12:04:10,460 : INFO : common : created directory at: artifacts/data_validation]
[2025-12-13 12:04:10,487 : INFO : data_validation : validation completed]
[2025-12-13 12:04:10,489 : INFO : main : #### completed Data validation stage ####]
[2025-12-13 12:04:10,489 : INFO : main : #### Starting Data transformation ####]
[2025-12-13 12:04:10,492 : INFO : common : yaml file: config\config.yaml loaded successfully]
[2025-12-13 12:04:10,497 : INFO : common : yaml file: config\params.yaml loaded successfully]
[2025-12-13 12:04:10,500 : INFO : common : yaml file: schema.yaml loaded successfully]
[2025-12-13 12:04:10,502 : INFO : common : created directory at: artifacts]
[2025-12-13 12:04:10,506 : INFO : common : created directory at: artifacts/data_transformation]
[2025-12-13 12:04:10,533 : INFO : data_transformation : dropped duplicates...]
[2025-12-13 12:04:10,541 : INFO : data_transformation : Removed Outliers...]
[2025-12-13 12:04:10,543 : INFO : data_transformation : Removing unwanted columns]
[2025-12-13 12:04:10,552 : INFO : data_transformation : Encoded categorical variables...]
[2025-12-13 12:04:10,557 : INFO : data_transformation : Splitted data into train and test...]
[2025-12-13 12:04:10,563 : INFO : data_transformation : Applied Standard Scaler...]
[2025-12-13 12:04:10,712 : INFO : data_transformation : Train set shape : (7600, 12)]
[2025-12-13 12:04:10,719 : INFO : data_transformation : Test set shape : (1900, 12)]
[2025-12-13 12:04:10,720 : INFO : main : #### completed Data transformation stage ####]
[2025-12-13 12:04:10,721 : INFO : main : #### Starting Model Training ####]
[2025-12-13 12:04:10,725 : INFO : common : yaml file: config\config.yaml loaded successfully]
[2025-12-13 12:04:10,728 : INFO : common : yaml file: config\params.yaml loaded successfully]
[2025-12-13 12:04:10,731 : INFO : common : yaml file: schema.yaml loaded successfully]
[2025-12-13 12:04:10,732 : INFO : common : created directory at: artifacts]
[2025-12-13 12:04:10,733 : INFO : common : created directory at: artifacts/model_training]
[2025-12-13 12:04:10,788 : INFO : model_training : Starting Polynomial_regrssor]
[2025-12-13 12:04:11,106 : INFO : model_training : Trained and dumpted poly_reg successfully]
[2025-12-13 12:04:11,109 : INFO : model_training : Starting Random_forest_regrssor]
[2025-12-13 12:04:15,264 : INFO : model_training : Trained and dumpted Random_forest_regrssor successfully]
[2025-12-13 12:04:15,286 : INFO : model_training : Starting xgboost]
[2025-12-13 12:04:15,647 : INFO : model_training : Trained and dumpted xgboost successfully]
[2025-12-13 12:05:16,352 : INFO : model_training : Trained and mlp successfully]
[2025-12-13 12:05:16,353 : INFO : main : #### completed Model Training ####]
[2025-12-13 12:05:16,353 : INFO : main : #### Starting Model Evaluation ####]
[2025-12-13 12:05:16,358 : INFO : common : yaml file: config\config.yaml loaded successfully]
[2025-12-13 12:05:16,361 : INFO : common : yaml file: config\params.yaml loaded successfully]
[2025-12-13 12:05:16,363 : INFO : common : yaml file: schema.yaml loaded successfully]
[2025-12-13 12:05:16,363 : INFO : common : created directory at: artifacts]
[2025-12-13 12:05:16,365 : INFO : common : created directory at: artifacts/model_evaluation]
[2025-12-13 12:05:29,027 : INFO : common : json file saved at: artifacts\model_evaluation\metrics.json]
[2025-12-13 12:05:29,027 : INFO : main : #### completed Model Evaluation ####]
[2025-12-13 12:06:14,075 : INFO : main : #### Starting Data Ingestion ####]
[2025-12-13 12:06:14,079 : INFO : common : yaml file: config\config.yaml loaded successfully]
[2025-12-13 12:06:14,079 : INFO : common : yaml file: config\params.yaml loaded successfully]
[2025-12-13 12:06:14,085 : INFO : common : yaml file: schema.yaml loaded successfully]
[2025-12-13 12:06:14,091 : INFO : common : created directory at: artifacts]
[2025-12-13 12:06:14,091 : INFO : common : created directory at: artifacts/data_ingestion]
[2025-12-13 12:06:14,093 : INFO : data_ingestion : Downloading data from https://drive.google.com/file/d/1_OU_E76YpZQGGZpLhQmT8qoqksDNn14p/view?usp=drive_link into file artifacts\data_ingestion\data.zip]
[2025-12-13 12:06:17,257 : INFO : data_ingestion : Downloaded data from https://drive.google.com/file/d/1_OU_E76YpZQGGZpLhQmT8qoqksDNn14p/view?usp=drive_link into file artifacts\data_ingestion\data.zip]
[2025-12-13 12:06:17,266 : INFO : main : #### completed Data Ingestion stage ####]
[2025-12-13 12:06:17,272 : INFO : main : #### Starting Data validation ####]
[2025-12-13 12:06:17,279 : INFO : common : yaml file: config\config.yaml loaded successfully]
[2025-12-13 12:06:17,283 : INFO : common : yaml file: config\params.yaml loaded successfully]
[2025-12-13 12:06:17,286 : INFO : common : yaml file: schema.yaml loaded successfully]
[2025-12-13 12:06:17,286 : INFO : common : created directory at: artifacts]
[2025-12-13 12:06:17,287 : INFO : common : created directory at: artifacts/data_validation]
[2025-12-13 12:06:17,306 : INFO : data_validation : validation completed]
[2025-12-13 12:06:17,306 : INFO : main : #### completed Data validation stage ####]
[2025-12-13 12:06:17,308 : INFO : main : #### Starting Data transformation ####]
[2025-12-13 12:06:17,313 : INFO : common : yaml file: config\config.yaml loaded successfully]
[2025-12-13 12:06:17,317 : INFO : common : yaml file: config\params.yaml loaded successfully]
[2025-12-13 12:06:17,319 : INFO : common : yaml file: schema.yaml loaded successfully]
[2025-12-13 12:06:17,319 : INFO : common : created directory at: artifacts]
[2025-12-13 12:06:17,319 : INFO : common : created directory at: artifacts/data_transformation]
[2025-12-13 12:06:17,354 : INFO : data_transformation : dropped duplicates...]
[2025-12-13 12:06:17,358 : INFO : data_transformation : Removed Outliers...]
[2025-12-13 12:06:17,358 : INFO : data_transformation : Removing unwanted columns]
[2025-12-13 12:06:17,365 : INFO : data_transformation : Encoded categorical variables...]
[2025-12-13 12:06:17,371 : INFO : data_transformation : Splitted data into train and test...]
[2025-12-13 12:06:17,376 : INFO : data_transformation : Applied Standard Scaler...]
[2025-12-13 12:06:17,514 : INFO : data_transformation : Train set shape : (7600, 12)]
[2025-12-13 12:06:17,516 : INFO : data_transformation : Test set shape : (1900, 12)]
[2025-12-13 12:06:17,518 : INFO : main : #### completed Data transformation stage ####]
[2025-12-13 12:06:17,518 : INFO : main : #### Starting Model Training ####]
[2025-12-13 12:06:17,520 : INFO : common : yaml file: config\config.yaml loaded successfully]
[2025-12-13 12:06:17,529 : INFO : common : yaml file: config\params.yaml loaded successfully]
[2025-12-13 12:06:17,533 : INFO : common : yaml file: schema.yaml loaded successfully]
[2025-12-13 12:06:17,535 : INFO : common : created directory at: artifacts]
[2025-12-13 12:06:17,536 : INFO : common : created directory at: artifacts/model_training]
[2025-12-13 12:06:17,588 : INFO : model_training : Starting Polynomial_regrssor]
[2025-12-13 12:06:17,880 : INFO : model_training : Trained and dumpted poly_reg successfully]
[2025-12-13 12:06:17,880 : INFO : model_training : Starting Random_forest_regrssor]
[2025-12-13 12:06:22,245 : INFO : model_training : Trained and dumpted Random_forest_regrssor successfully]
[2025-12-13 12:06:22,260 : INFO : model_training : Starting xgboost]
[2025-12-13 12:06:22,751 : INFO : model_training : Trained and dumpted xgboost successfully]
[2025-12-13 12:07:13,285 : INFO : model_training : Trained and mlp successfully]
[2025-12-13 12:07:13,285 : INFO : main : #### completed Model Training ####]
[2025-12-13 12:07:13,285 : INFO : main : #### Starting Model Evaluation ####]
[2025-12-13 12:07:13,290 : INFO : common : yaml file: config\config.yaml loaded successfully]
[2025-12-13 12:07:13,293 : INFO : common : yaml file: config\params.yaml loaded successfully]
[2025-12-13 12:07:13,297 : INFO : common : yaml file: schema.yaml loaded successfully]
[2025-12-13 12:07:13,298 : INFO : common : created directory at: artifacts]
[2025-12-13 12:07:13,299 : INFO : common : created directory at: artifacts/model_evaluation]
[2025-12-13 12:07:27,634 : INFO : common : json file saved at: artifacts\model_evaluation\metrics.json]
[2025-12-13 12:07:27,635 : INFO : main : #### completed Model Evaluation ####]
[2025-12-13 12:14:48,990 : INFO : main : #### Starting Data Ingestion ####]
[2025-12-13 12:14:48,995 : INFO : common : yaml file: config\config.yaml loaded successfully]
[2025-12-13 12:14:49,000 : INFO : common : yaml file: config\params.yaml loaded successfully]
[2025-12-13 12:14:49,002 : INFO : common : yaml file: schema.yaml loaded successfully]
[2025-12-13 12:14:49,007 : INFO : common : created directory at: artifacts]
[2025-12-13 12:14:49,007 : INFO : common : created directory at: artifacts/data_ingestion]
[2025-12-13 12:14:49,009 : INFO : data_ingestion : Downloading data from https://drive.google.com/file/d/1_OU_E76YpZQGGZpLhQmT8qoqksDNn14p/view?usp=drive_link into file artifacts\data_ingestion\data.zip]
[2025-12-13 12:14:52,185 : INFO : data_ingestion : Downloaded data from https://drive.google.com/file/d/1_OU_E76YpZQGGZpLhQmT8qoqksDNn14p/view?usp=drive_link into file artifacts\data_ingestion\data.zip]
[2025-12-13 12:14:52,208 : INFO : main : #### completed Data Ingestion stage ####]
[2025-12-13 12:14:52,210 : INFO : main : #### Starting Data validation ####]
[2025-12-13 12:14:52,216 : INFO : common : yaml file: config\config.yaml loaded successfully]
[2025-12-13 12:14:52,223 : INFO : common : yaml file: config\params.yaml loaded successfully]
[2025-12-13 12:14:52,230 : INFO : common : yaml file: schema.yaml loaded successfully]
[2025-12-13 12:14:52,230 : INFO : common : created directory at: artifacts]
[2025-12-13 12:14:52,230 : INFO : common : created directory at: artifacts/data_validation]
[2025-12-13 12:14:52,256 : INFO : data_validation : validation completed]
[2025-12-13 12:14:52,256 : INFO : main : #### completed Data validation stage ####]
[2025-12-13 12:14:52,259 : INFO : main : #### Starting Data transformation ####]
[2025-12-13 12:14:52,263 : INFO : common : yaml file: config\config.yaml loaded successfully]
[2025-12-13 12:14:52,270 : INFO : common : yaml file: config\params.yaml loaded successfully]
[2025-12-13 12:14:52,273 : INFO : common : yaml file: schema.yaml loaded successfully]
[2025-12-13 12:14:52,273 : INFO : common : created directory at: artifacts]
[2025-12-13 12:14:52,273 : INFO : common : created directory at: artifacts/data_transformation]
[2025-12-13 12:14:52,300 : INFO : data_transformation : dropped duplicates...]
[2025-12-13 12:14:52,309 : INFO : data_transformation : Removed Outliers...]
[2025-12-13 12:14:52,309 : INFO : data_transformation : Removing unwanted columns]
[2025-12-13 12:14:52,315 : INFO : data_transformation : Encoded categorical variables...]
[2025-12-13 12:14:52,320 : INFO : data_transformation : Splitted data into train and test...]
[2025-12-13 12:14:52,328 : INFO : data_transformation : Applied Standard Scaler...]
[2025-12-13 12:14:52,463 : INFO : data_transformation : Train set shape : (7600, 12)]
[2025-12-13 12:14:52,463 : INFO : data_transformation : Test set shape : (1900, 12)]
[2025-12-13 12:14:52,463 : INFO : main : #### completed Data transformation stage ####]
[2025-12-13 12:14:52,465 : INFO : main : #### Starting Model Training ####]
[2025-12-13 12:14:52,465 : INFO : common : yaml file: config\config.yaml loaded successfully]
[2025-12-13 12:14:52,472 : INFO : common : yaml file: config\params.yaml loaded successfully]
[2025-12-13 12:14:52,473 : INFO : common : yaml file: schema.yaml loaded successfully]
[2025-12-13 12:14:52,473 : INFO : common : created directory at: artifacts]
[2025-12-13 12:14:52,475 : INFO : common : created directory at: artifacts/model_training]
[2025-12-13 12:14:52,526 : INFO : model_training : Starting Polynomial_regrssor]
[2025-12-13 12:14:53,136 : INFO : model_training : Trained and dumpted poly_reg successfully]
[2025-12-13 12:14:53,138 : INFO : model_training : Starting Random_forest_regrssor]
[2025-12-13 12:14:57,555 : INFO : model_training : Trained and dumpted Random_forest_regrssor successfully]
[2025-12-13 12:14:57,588 : INFO : model_training : Starting xgboost]
[2025-12-13 12:14:58,080 : INFO : model_training : Trained and dumpted xgboost successfully]
[2025-12-13 12:15:43,538 : INFO : model_training : Trained and mlp successfully]
[2025-12-13 12:15:43,538 : INFO : main : #### completed Model Training ####]
[2025-12-13 12:15:43,538 : INFO : main : #### Starting Model Evaluation ####]
[2025-12-13 12:15:43,545 : INFO : common : yaml file: config\config.yaml loaded successfully]
[2025-12-13 12:15:43,549 : INFO : common : yaml file: config\params.yaml loaded successfully]
[2025-12-13 12:15:43,553 : INFO : common : yaml file: schema.yaml loaded successfully]
[2025-12-13 12:15:43,556 : INFO : common : created directory at: artifacts]
[2025-12-13 12:15:43,556 : INFO : common : created directory at: artifacts/model_evaluation]
[2025-12-13 12:15:58,107 : INFO : common : json file saved at: artifacts\model_evaluation\metrics.json]
[2025-12-13 12:15:58,112 : INFO : main : #### completed Model Evaluation ####]
[2025-12-13 12:28:44,628 : INFO : main : #### Starting Data Ingestion ####]
[2025-12-13 12:28:44,632 : INFO : common : yaml file: config\config.yaml loaded successfully]
[2025-12-13 12:28:44,634 : INFO : common : yaml file: config\params.yaml loaded successfully]
[2025-12-13 12:28:44,635 : INFO : common : yaml file: schema.yaml loaded successfully]
[2025-12-13 12:28:44,635 : INFO : common : created directory at: artifacts]
[2025-12-13 12:28:44,635 : INFO : common : created directory at: artifacts/data_ingestion]
[2025-12-13 12:28:44,637 : INFO : data_ingestion : Downloading data from https://drive.google.com/file/d/1_OU_E76YpZQGGZpLhQmT8qoqksDNn14p/view?usp=drive_link into file artifacts\data_ingestion\data.zip]
[2025-12-13 12:28:47,476 : INFO : data_ingestion : Downloaded data from https://drive.google.com/file/d/1_OU_E76YpZQGGZpLhQmT8qoqksDNn14p/view?usp=drive_link into file artifacts\data_ingestion\data.zip]
[2025-12-13 12:28:47,483 : INFO : main : #### completed Data Ingestion stage ####]
[2025-12-13 12:28:47,483 : INFO : main : #### Starting Data validation ####]
[2025-12-13 12:28:47,486 : INFO : common : yaml file: config\config.yaml loaded successfully]
[2025-12-13 12:28:47,490 : INFO : common : yaml file: config\params.yaml loaded successfully]
[2025-12-13 12:28:47,493 : INFO : common : yaml file: schema.yaml loaded successfully]
[2025-12-13 12:28:47,494 : INFO : common : created directory at: artifacts]
[2025-12-13 12:28:47,494 : INFO : common : created directory at: artifacts/data_validation]
[2025-12-13 12:28:47,509 : INFO : data_validation : validation completed]
[2025-12-13 12:28:47,509 : INFO : main : #### completed Data validation stage ####]
[2025-12-13 12:28:47,510 : INFO : main : #### Starting Data transformation ####]
[2025-12-13 12:28:47,512 : INFO : common : yaml file: config\config.yaml loaded successfully]
[2025-12-13 12:28:47,513 : INFO : common : yaml file: config\params.yaml loaded successfully]
[2025-12-13 12:28:47,516 : INFO : common : yaml file: schema.yaml loaded successfully]
[2025-12-13 12:28:47,516 : INFO : common : created directory at: artifacts]
[2025-12-13 12:28:47,517 : INFO : common : created directory at: artifacts/data_transformation]
[2025-12-13 12:28:47,530 : INFO : data_transformation : dropped duplicates...]
[2025-12-13 12:28:47,534 : INFO : data_transformation : Removed Outliers...]
[2025-12-13 12:28:47,534 : INFO : data_transformation : Removing unwanted columns]
[2025-12-13 12:28:47,538 : INFO : data_transformation : Encoded categorical variables...]
[2025-12-13 12:28:47,541 : INFO : data_transformation : Splitted data into train and test...]
[2025-12-13 12:28:47,545 : INFO : data_transformation : Applied Standard Scaler...]
[2025-12-13 12:28:47,627 : INFO : data_transformation : Train set shape : (7600, 12)]
[2025-12-13 12:28:47,629 : INFO : data_transformation : Test set shape : (1900, 12)]
[2025-12-13 12:28:47,629 : INFO : main : #### completed Data transformation stage ####]
[2025-12-13 12:28:47,630 : INFO : main : #### Starting Model Training ####]
[2025-12-13 12:28:47,632 : INFO : common : yaml file: config\config.yaml loaded successfully]
[2025-12-13 12:28:47,633 : INFO : common : yaml file: config\params.yaml loaded successfully]
[2025-12-13 12:28:47,635 : INFO : common : yaml file: schema.yaml loaded successfully]
[2025-12-13 12:28:47,635 : INFO : common : created directory at: artifacts]
[2025-12-13 12:28:47,635 : INFO : common : created directory at: artifacts/model_training]
[2025-12-13 12:28:47,662 : INFO : model_training : Starting Polynomial_regrssor]
[2025-12-13 12:29:24,924 : INFO : model_training : Trained and dumpted poly_reg successfully]
[2025-12-13 12:29:24,947 : INFO : model_training : Starting Random_forest_regrssor]
[2025-12-13 12:29:27,835 : INFO : model_training : Trained and dumpted Random_forest_regrssor successfully]
[2025-12-13 12:29:27,839 : INFO : model_training : Starting xgboost]
[2025-12-13 12:29:28,098 : INFO : model_training : Trained and dumpted xgboost successfully]
[2025-12-13 12:29:50,562 : INFO : model_training : Trained and mlp successfully]
[2025-12-13 12:29:50,565 : INFO : main : #### completed Model Training ####]
[2025-12-13 12:29:50,565 : INFO : main : #### Starting Model Evaluation ####]
[2025-12-13 12:29:50,567 : INFO : common : yaml file: config\config.yaml loaded successfully]
[2025-12-13 12:29:50,569 : INFO : common : yaml file: config\params.yaml loaded successfully]
[2025-12-13 12:29:50,571 : INFO : common : yaml file: schema.yaml loaded successfully]
[2025-12-13 12:29:50,572 : INFO : common : created directory at: artifacts]
[2025-12-13 12:29:50,572 : INFO : common : created directory at: artifacts/model_evaluation]
[2025-12-13 12:29:59,937 : INFO : common : json file saved at: artifacts\model_evaluation\metrics.json]
[2025-12-13 12:29:59,939 : INFO : main : #### completed Model Evaluation ####]
[2025-12-13 12:32:05,276 : INFO : main : #### Starting Data Ingestion ####]
[2025-12-13 12:32:05,279 : INFO : common : yaml file: config\config.yaml loaded successfully]
[2025-12-13 12:32:05,280 : INFO : common : yaml file: config\params.yaml loaded successfully]
[2025-12-13 12:32:05,281 : INFO : common : yaml file: schema.yaml loaded successfully]
[2025-12-13 12:32:05,281 : INFO : common : created directory at: artifacts]
[2025-12-13 12:32:05,283 : INFO : common : created directory at: artifacts/data_ingestion]
[2025-12-13 12:32:05,284 : INFO : data_ingestion : Downloading data from https://drive.google.com/file/d/1_OU_E76YpZQGGZpLhQmT8qoqksDNn14p/view?usp=drive_link into file artifacts\data_ingestion\data.zip]
[2025-12-13 12:32:08,115 : INFO : data_ingestion : Downloaded data from https://drive.google.com/file/d/1_OU_E76YpZQGGZpLhQmT8qoqksDNn14p/view?usp=drive_link into file artifacts\data_ingestion\data.zip]
[2025-12-13 12:32:08,121 : INFO : main : #### completed Data Ingestion stage ####]
[2025-12-13 12:32:08,122 : INFO : main : #### Starting Data validation ####]
[2025-12-13 12:32:08,124 : INFO : common : yaml file: config\config.yaml loaded successfully]
[2025-12-13 12:32:08,128 : INFO : common : yaml file: config\params.yaml loaded successfully]
[2025-12-13 12:32:08,130 : INFO : common : yaml file: schema.yaml loaded successfully]
[2025-12-13 12:32:08,131 : INFO : common : created directory at: artifacts]
[2025-12-13 12:32:08,131 : INFO : common : created directory at: artifacts/data_validation]
[2025-12-13 12:32:08,146 : INFO : data_validation : validation completed]
[2025-12-13 12:32:08,147 : INFO : main : #### completed Data validation stage ####]
[2025-12-13 12:32:08,147 : INFO : main : #### Starting Data transformation ####]
[2025-12-13 12:32:08,150 : INFO : common : yaml file: config\config.yaml loaded successfully]
[2025-12-13 12:32:08,152 : INFO : common : yaml file: config\params.yaml loaded successfully]
[2025-12-13 12:32:08,154 : INFO : common : yaml file: schema.yaml loaded successfully]
[2025-12-13 12:32:08,154 : INFO : common : created directory at: artifacts]
[2025-12-13 12:32:08,155 : INFO : common : created directory at: artifacts/data_transformation]
[2025-12-13 12:32:08,169 : INFO : data_transformation : dropped duplicates...]
[2025-12-13 12:32:08,174 : INFO : data_transformation : Removed Outliers...]
[2025-12-13 12:32:08,176 : INFO : data_transformation : Removing unwanted columns]
[2025-12-13 12:32:08,179 : INFO : data_transformation : Encoded categorical variables...]
[2025-12-13 12:32:08,181 : INFO : data_transformation : Splitted data into train and test...]
[2025-12-13 12:32:08,185 : INFO : data_transformation : Applied Standard Scaler...]
[2025-12-13 12:32:08,268 : INFO : data_transformation : Train set shape : (7600, 12)]
[2025-12-13 12:32:08,268 : INFO : data_transformation : Test set shape : (1900, 12)]
[2025-12-13 12:32:08,269 : INFO : main : #### completed Data transformation stage ####]
[2025-12-13 12:32:08,269 : INFO : main : #### Starting Model Training ####]
[2025-12-13 12:32:08,271 : INFO : common : yaml file: config\config.yaml loaded successfully]
[2025-12-13 12:32:08,272 : INFO : common : yaml file: config\params.yaml loaded successfully]
[2025-12-13 12:32:08,274 : INFO : common : yaml file: schema.yaml loaded successfully]
[2025-12-13 12:32:08,274 : INFO : common : created directory at: artifacts]
[2025-12-13 12:32:08,274 : INFO : common : created directory at: artifacts/model_training]
[2025-12-13 12:32:08,295 : INFO : model_training : Starting Polynomial_regrssor]
[2025-12-13 12:32:09,073 : INFO : model_training : Trained and dumpted poly_reg successfully]
[2025-12-13 12:32:09,095 : INFO : model_training : Starting Random_forest_regrssor]
[2025-12-13 12:32:11,778 : INFO : model_training : Trained and dumpted Random_forest_regrssor successfully]
[2025-12-13 12:32:11,785 : INFO : model_training : Starting xgboost]
[2025-12-13 12:32:11,988 : INFO : model_training : Trained and dumpted xgboost successfully]
[2025-12-13 12:32:24,245 : INFO : model_training : Trained and mlp successfully]
[2025-12-13 12:32:24,245 : INFO : main : #### completed Model Training ####]
[2025-12-13 12:32:24,247 : INFO : main : #### Starting Model Evaluation ####]
[2025-12-13 12:32:24,249 : INFO : common : yaml file: config\config.yaml loaded successfully]
[2025-12-13 12:32:24,251 : INFO : common : yaml file: config\params.yaml loaded successfully]
[2025-12-13 12:32:24,252 : INFO : common : yaml file: schema.yaml loaded successfully]
[2025-12-13 12:32:24,252 : INFO : common : created directory at: artifacts]
[2025-12-13 12:32:24,253 : INFO : common : created directory at: artifacts/model_evaluation]
[2025-12-13 12:46:29,925 : INFO : main : #### Starting Data Ingestion ####]
[2025-12-13 12:46:29,926 : INFO : common : yaml file: config\config.yaml loaded successfully]
[2025-12-13 12:46:29,926 : INFO : common : yaml file: config\params.yaml loaded successfully]
[2025-12-13 12:46:29,926 : INFO : common : yaml file: schema.yaml loaded successfully]
[2025-12-13 12:46:29,926 : INFO : common : created directory at: artifacts]
[2025-12-13 12:46:29,926 : INFO : common : created directory at: artifacts/data_ingestion]
[2025-12-13 12:46:29,926 : INFO : data_ingestion : Downloading data from https://drive.google.com/file/d/1_OU_E76YpZQGGZpLhQmT8qoqksDNn14p/view?usp=drive_link into file artifacts\data_ingestion\data.zip]
[2025-12-13 12:46:33,067 : INFO : data_ingestion : Downloaded data from https://drive.google.com/file/d/1_OU_E76YpZQGGZpLhQmT8qoqksDNn14p/view?usp=drive_link into file artifacts\data_ingestion\data.zip]
[2025-12-13 12:46:33,072 : INFO : main : #### completed Data Ingestion stage ####]
[2025-12-13 12:46:33,072 : INFO : main : #### Starting Data validation ####]
[2025-12-13 12:46:33,075 : INFO : common : yaml file: config\config.yaml loaded successfully]
[2025-12-13 12:46:33,078 : INFO : common : yaml file: config\params.yaml loaded successfully]
[2025-12-13 12:46:33,079 : INFO : common : yaml file: schema.yaml loaded successfully]
[2025-12-13 12:46:33,081 : INFO : common : created directory at: artifacts]
[2025-12-13 12:46:33,082 : INFO : common : created directory at: artifacts/data_validation]
[2025-12-13 12:46:33,095 : INFO : data_validation : validation completed]
[2025-12-13 12:46:33,097 : INFO : main : #### completed Data validation stage ####]
[2025-12-13 12:46:33,097 : INFO : main : #### Starting Data transformation ####]
[2025-12-13 12:46:33,100 : INFO : common : yaml file: config\config.yaml loaded successfully]
[2025-12-13 12:46:33,102 : INFO : common : yaml file: config\params.yaml loaded successfully]
[2025-12-13 12:46:33,103 : INFO : common : yaml file: schema.yaml loaded successfully]
[2025-12-13 12:46:33,105 : INFO : common : created directory at: artifacts]
[2025-12-13 12:46:33,105 : INFO : common : created directory at: artifacts/data_transformation]
[2025-12-13 12:46:33,120 : INFO : data_transformation : dropped duplicates...]
[2025-12-13 12:46:33,127 : INFO : data_transformation : Removed Outliers...]
[2025-12-13 12:46:33,129 : INFO : data_transformation : Removing unwanted columns]
[2025-12-13 12:46:33,132 : INFO : data_transformation : Encoded categorical variables...]
[2025-12-13 12:46:33,134 : INFO : data_transformation : Splitted data into train and test...]
[2025-12-13 12:46:33,139 : INFO : data_transformation : Applied Standard Scaler...]
[2025-12-13 12:46:33,226 : INFO : data_transformation : Train set shape : (7600, 12)]
[2025-12-13 12:46:33,226 : INFO : data_transformation : Test set shape : (1900, 12)]
[2025-12-13 12:46:33,226 : INFO : main : #### completed Data transformation stage ####]
[2025-12-13 12:46:33,226 : INFO : main : #### Starting Model Training ####]
[2025-12-13 12:46:33,231 : INFO : common : yaml file: config\config.yaml loaded successfully]
[2025-12-13 12:46:33,231 : INFO : common : yaml file: config\params.yaml loaded successfully]
[2025-12-13 12:46:33,234 : INFO : common : yaml file: schema.yaml loaded successfully]
[2025-12-13 12:46:33,234 : INFO : common : created directory at: artifacts]
[2025-12-13 12:46:33,235 : INFO : common : created directory at: artifacts/model_training]
[2025-12-13 12:46:33,256 : INFO : model_training : Starting Polynomial_regrssor]
[2025-12-13 12:46:34,080 : INFO : model_training : Trained and dumpted poly_reg successfully]
[2025-12-13 12:46:34,110 : INFO : model_training : Starting Random_forest_regrssor]
[2025-12-13 12:46:37,012 : INFO : model_training : Trained and dumpted Random_forest_regrssor successfully]
[2025-12-13 12:46:37,020 : INFO : model_training : Starting xgboost]
[2025-12-13 12:46:37,236 : INFO : model_training : Trained and dumpted xgboost successfully]
[2025-12-13 12:47:03,430 : INFO : model_training : Trained and mlp successfully]
[2025-12-13 12:47:03,430 : INFO : main : #### completed Model Training ####]
[2025-12-13 12:47:03,431 : INFO : main : #### Starting Model Evaluation ####]
[2025-12-13 12:47:03,433 : INFO : common : yaml file: config\config.yaml loaded successfully]
[2025-12-13 12:47:03,434 : INFO : common : yaml file: config\params.yaml loaded successfully]
[2025-12-13 12:47:03,436 : INFO : common : yaml file: schema.yaml loaded successfully]
[2025-12-13 12:47:03,436 : INFO : common : created directory at: artifacts]
[2025-12-13 12:47:03,438 : INFO : common : created directory at: artifacts/model_evaluation]
[2025-12-13 12:47:11,849 : ERROR : main : Object of type WindowsPath is not JSON serializable]
Traceback (most recent call last):
  File "C:\house-rent-prediction-model\main.py", line 48, in <module>
    obj.main()
  File "C:\house-rent-prediction-model\src\House_Rent_Prediction\pipeline\st_5_model_evaluation.py", line 13, in main
    model_eval.log_into_mlflow()
  File "C:\house-rent-prediction-model\src\House_Rent_Prediction\components\model_evaluation.py", line 96, in log_into_mlflow
    save_json(path=self.config.metric_file_name, data=scores)
  File "C:\Users\thala\anaconda3\envs\myenv\lib\site-packages\ensure\main.py", line 807, in __call__
    return self.f(*args, **kwargs)
  File "C:\house-rent-prediction-model\src\House_Rent_Prediction\utils\common.py", line 40, in save_json
    json.dump(data, f, indent=4)
  File "C:\Users\thala\anaconda3\envs\myenv\lib\json\__init__.py", line 179, in dump
    for chunk in iterable:
  File "C:\Users\thala\anaconda3\envs\myenv\lib\json\encoder.py", line 431, in _iterencode
    yield from _iterencode_dict(o, _current_indent_level)
  File "C:\Users\thala\anaconda3\envs\myenv\lib\json\encoder.py", line 405, in _iterencode_dict
    yield from chunks
  File "C:\Users\thala\anaconda3\envs\myenv\lib\json\encoder.py", line 405, in _iterencode_dict
    yield from chunks
  File "C:\Users\thala\anaconda3\envs\myenv\lib\json\encoder.py", line 438, in _iterencode
    o = _default(o)
  File "C:\Users\thala\anaconda3\envs\myenv\lib\json\encoder.py", line 179, in default
    raise TypeError(f'Object of type {o.__class__.__name__} '
TypeError: Object of type WindowsPath is not JSON serializable
[2025-12-13 12:52:09,730 : INFO : main : #### Starting Data Ingestion ####]
[2025-12-13 12:52:09,739 : INFO : common : yaml file: config\config.yaml loaded successfully]
[2025-12-13 12:52:09,745 : INFO : common : yaml file: config\params.yaml loaded successfully]
[2025-12-13 12:52:09,749 : INFO : common : yaml file: schema.yaml loaded successfully]
[2025-12-13 12:52:09,751 : INFO : common : created directory at: artifacts]
[2025-12-13 12:52:09,751 : INFO : common : created directory at: artifacts/data_ingestion]
[2025-12-13 12:52:09,752 : INFO : data_ingestion : Downloading data from https://drive.google.com/file/d/1_OU_E76YpZQGGZpLhQmT8qoqksDNn14p/view?usp=drive_link into file artifacts\data_ingestion\data.zip]
[2025-12-13 12:52:13,438 : INFO : data_ingestion : Downloaded data from https://drive.google.com/file/d/1_OU_E76YpZQGGZpLhQmT8qoqksDNn14p/view?usp=drive_link into file artifacts\data_ingestion\data.zip]
[2025-12-13 12:52:13,455 : INFO : main : #### completed Data Ingestion stage ####]
[2025-12-13 12:52:13,455 : INFO : main : #### Starting Data validation ####]
[2025-12-13 12:52:13,470 : INFO : common : yaml file: config\config.yaml loaded successfully]
[2025-12-13 12:52:13,484 : INFO : common : yaml file: config\params.yaml loaded successfully]
[2025-12-13 12:52:13,494 : INFO : common : yaml file: schema.yaml loaded successfully]
[2025-12-13 12:52:13,497 : INFO : common : created directory at: artifacts]
[2025-12-13 12:52:13,499 : INFO : common : created directory at: artifacts/data_validation]
[2025-12-13 12:52:13,553 : INFO : data_validation : validation completed]
[2025-12-13 12:52:13,555 : INFO : main : #### completed Data validation stage ####]
[2025-12-13 12:52:13,556 : INFO : main : #### Starting Data transformation ####]
[2025-12-13 12:52:13,571 : INFO : common : yaml file: config\config.yaml loaded successfully]
[2025-12-13 12:52:13,584 : INFO : common : yaml file: config\params.yaml loaded successfully]
[2025-12-13 12:52:13,592 : INFO : common : yaml file: schema.yaml loaded successfully]
[2025-12-13 12:52:13,593 : INFO : common : created directory at: artifacts]
[2025-12-13 12:52:13,596 : INFO : common : created directory at: artifacts/data_transformation]
[2025-12-13 12:52:13,641 : INFO : data_transformation : dropped duplicates...]
[2025-12-13 12:52:13,650 : INFO : data_transformation : Removed Outliers...]
[2025-12-13 12:52:13,650 : INFO : data_transformation : Removing unwanted columns]
[2025-12-13 12:52:13,660 : INFO : data_transformation : Encoded categorical variables...]
[2025-12-13 12:52:13,666 : INFO : data_transformation : Splitted data into train and test...]
[2025-12-13 12:52:13,679 : INFO : data_transformation : Applied Standard Scaler...]
[2025-12-13 12:52:13,992 : INFO : data_transformation : Train set shape : (7600, 12)]
[2025-12-13 12:52:13,993 : INFO : data_transformation : Test set shape : (1900, 12)]
[2025-12-13 12:52:13,994 : INFO : main : #### completed Data transformation stage ####]
[2025-12-13 12:52:13,994 : INFO : main : #### Starting Model Training ####]
[2025-12-13 12:52:14,001 : INFO : common : yaml file: config\config.yaml loaded successfully]
[2025-12-13 12:52:14,006 : INFO : common : yaml file: config\params.yaml loaded successfully]
[2025-12-13 12:52:14,010 : INFO : common : yaml file: schema.yaml loaded successfully]
[2025-12-13 12:52:14,013 : INFO : common : created directory at: artifacts]
[2025-12-13 12:52:14,014 : INFO : common : created directory at: artifacts/model_training]
[2025-12-13 12:52:14,076 : INFO : model_training : Starting Polynomial_regrssor]
[2025-12-13 12:52:17,177 : INFO : model_training : Trained and dumpted poly_reg successfully]
[2025-12-13 12:52:17,232 : INFO : model_training : Starting Random_forest_regrssor]
[2025-12-13 12:52:23,465 : INFO : model_training : Trained and dumpted Random_forest_regrssor successfully]
[2025-12-13 12:52:23,485 : INFO : model_training : Starting xgboost]
[2025-12-13 12:52:24,202 : INFO : model_training : Trained and dumpted xgboost successfully]
[2025-12-13 12:52:53,362 : INFO : model_training : Trained and mlp successfully]
[2025-12-13 12:52:53,363 : INFO : main : #### completed Model Training ####]
[2025-12-13 12:52:53,363 : INFO : main : #### Starting Model Evaluation ####]
[2025-12-13 12:52:53,367 : INFO : common : yaml file: config\config.yaml loaded successfully]
[2025-12-13 12:52:53,369 : INFO : common : yaml file: config\params.yaml loaded successfully]
[2025-12-13 12:52:53,370 : INFO : common : yaml file: schema.yaml loaded successfully]
[2025-12-13 12:52:53,371 : INFO : common : created directory at: artifacts]
[2025-12-13 12:52:53,371 : INFO : common : created directory at: artifacts/model_evaluation]
[2025-12-13 12:53:02,849 : INFO : common : json file saved at: artifacts\model_evaluation\metrics.json]
[2025-12-13 12:53:02,853 : INFO : main : #### completed Model Evaluation ####]
[2025-12-13 13:35:09,644 : INFO : _internal : [31m[1mWARNING: This is a development server. Do not use it in a production deployment. Use a production WSGI server instead.[0m
 * Running on all addresses (0.0.0.0)
 * Running on http://127.0.0.1:8080
 * Running on http://172.22.35.226:8080]
[2025-12-13 13:35:09,644 : INFO : _internal : [33mPress CTRL+C to quit[0m]
[2025-12-13 13:36:14,326 : INFO : _internal : [31m[1mWARNING: This is a development server. Do not use it in a production deployment. Use a production WSGI server instead.[0m
 * Running on all addresses (0.0.0.0)
 * Running on http://127.0.0.1:8080
 * Running on http://172.22.35.226:8080]
[2025-12-13 13:36:14,326 : INFO : _internal : [33mPress CTRL+C to quit[0m]
[2025-12-13 13:37:02,526 : INFO : _internal : 127.0.0.1 - - [13/Dec/2025 13:37:02] "GET / HTTP/1.1" 200 -]
[2025-12-13 13:37:02,549 : INFO : _internal : 127.0.0.1 - - [13/Dec/2025 13:37:02] "[33mGET /static/css/styles.css HTTP/1.1[0m" 404 -]
[2025-12-13 13:37:02,554 : INFO : _internal : 127.0.0.1 - - [13/Dec/2025 13:37:02] "[33mGET /static/css2/nunito-font.css HTTP/1.1[0m" 404 -]
[2025-12-13 13:37:02,554 : INFO : _internal : 127.0.0.1 - - [13/Dec/2025 13:37:02] "[33mGET /static/css2/style.css HTTP/1.1[0m" 404 -]
[2025-12-13 13:37:02,558 : INFO : _internal : 127.0.0.1 - - [13/Dec/2025 13:37:02] "[33mGET /static/js/scripts.js HTTP/1.1[0m" 404 -]
[2025-12-13 13:37:03,475 : INFO : _internal : 127.0.0.1 - - [13/Dec/2025 13:37:03] "[33mGET /static/assets/img/form-v9.jpg HTTP/1.1[0m" 404 -]
[2025-12-13 13:37:03,476 : INFO : _internal : 127.0.0.1 - - [13/Dec/2025 13:37:03] "[33mGET /static/assets/img/wine.jpg HTTP/1.1[0m" 404 -]
[2025-12-13 13:37:03,531 : INFO : _internal : 127.0.0.1 - - [13/Dec/2025 13:37:03] "[33mGET /static/assets/favicon.ico HTTP/1.1[0m" 404 -]
[2025-12-13 13:38:03,839 : INFO : _internal : [31m[1mWARNING: This is a development server. Do not use it in a production deployment. Use a production WSGI server instead.[0m
 * Running on all addresses (0.0.0.0)
 * Running on http://127.0.0.1:8080
 * Running on http://172.22.35.226:8080]
[2025-12-13 13:38:03,839 : INFO : _internal : [33mPress CTRL+C to quit[0m]
[2025-12-13 13:45:21,234 : INFO : _internal : [31m[1mWARNING: This is a development server. Do not use it in a production deployment. Use a production WSGI server instead.[0m
 * Running on all addresses (0.0.0.0)
 * Running on http://127.0.0.1:8080
 * Running on http://172.22.35.226:8080]
[2025-12-13 13:45:21,234 : INFO : _internal : [33mPress CTRL+C to quit[0m]
[2025-12-13 13:45:24,279 : INFO : _internal : 127.0.0.1 - - [13/Dec/2025 13:45:24] "GET / HTTP/1.1" 200 -]
[2025-12-13 13:45:24,726 : INFO : _internal : 127.0.0.1 - - [13/Dec/2025 13:45:24] "GET /static/css/styles.css HTTP/1.1" 200 -]
[2025-12-13 13:45:24,727 : INFO : _internal : 127.0.0.1 - - [13/Dec/2025 13:45:24] "GET /static/css2/style.css HTTP/1.1" 200 -]
[2025-12-13 13:45:24,730 : INFO : _internal : 127.0.0.1 - - [13/Dec/2025 13:45:24] "GET /static/css2/nunito-font.css HTTP/1.1" 200 -]
[2025-12-13 13:45:24,737 : INFO : _internal : 127.0.0.1 - - [13/Dec/2025 13:45:24] "GET /static/js/scripts.js HTTP/1.1" 200 -]
[2025-12-13 13:45:24,750 : INFO : _internal : 127.0.0.1 - - [13/Dec/2025 13:45:24] "[33mGET /static/assets/img/wine.jpg HTTP/1.1[0m" 404 -]
[2025-12-13 13:45:24,751 : INFO : _internal : 127.0.0.1 - - [13/Dec/2025 13:45:24] "[33mGET /static/assets/img/form-v9.jpg HTTP/1.1[0m" 404 -]
[2025-12-13 13:45:24,806 : INFO : _internal : 127.0.0.1 - - [13/Dec/2025 13:45:24] "[33mGET /static/fonts/Nunito/Nunito-Bold.ttf HTTP/1.1[0m" 404 -]
[2025-12-13 13:50:27,627 : INFO : _internal : [31m[1mWARNING: This is a development server. Do not use it in a production deployment. Use a production WSGI server instead.[0m
 * Running on all addresses (0.0.0.0)
 * Running on http://127.0.0.1:8080
 * Running on http://172.22.35.226:8080]
[2025-12-13 13:50:27,627 : INFO : _internal : [33mPress CTRL+C to quit[0m]
[2025-12-13 13:50:29,660 : INFO : _internal : 127.0.0.1 - - [13/Dec/2025 13:50:29] "GET / HTTP/1.1" 200 -]
[2025-12-13 13:50:30,723 : INFO : _internal : 127.0.0.1 - - [13/Dec/2025 13:50:30] "[36mGET /static/js/scripts.js HTTP/1.1[0m" 304 -]
[2025-12-13 13:50:30,725 : INFO : _internal : 127.0.0.1 - - [13/Dec/2025 13:50:30] "[36mGET /static/css2/nunito-font.css HTTP/1.1[0m" 304 -]
[2025-12-13 13:50:30,727 : INFO : _internal : 127.0.0.1 - - [13/Dec/2025 13:50:30] "[36mGET /static/css2/style.css HTTP/1.1[0m" 304 -]
[2025-12-13 13:50:30,734 : INFO : _internal : 127.0.0.1 - - [13/Dec/2025 13:50:30] "[36mGET /static/css/styles.css HTTP/1.1[0m" 304 -]
[2025-12-13 13:50:30,747 : INFO : _internal : 127.0.0.1 - - [13/Dec/2025 13:50:30] "[33mGET /static/assets/img/wine.jpg HTTP/1.1[0m" 404 -]
[2025-12-13 13:50:30,749 : INFO : _internal : 127.0.0.1 - - [13/Dec/2025 13:50:30] "[33mGET /static/assets/img/form-v9.jpg HTTP/1.1[0m" 404 -]
[2025-12-13 13:50:30,781 : INFO : _internal : 127.0.0.1 - - [13/Dec/2025 13:50:30] "[33mGET /static/fonts/Nunito/Nunito-Bold.ttf HTTP/1.1[0m" 404 -]
[2025-12-13 13:50:56,817 : INFO : _internal : 127.0.0.1 - - [13/Dec/2025 13:50:56] "POST /predict HTTP/1.1" 200 -]
[2025-12-13 13:50:56,842 : INFO : _internal : 127.0.0.1 - - [13/Dec/2025 13:50:56] "[36mGET /static/css/styles.css HTTP/1.1[0m" 304 -]
[2025-12-13 13:50:56,845 : INFO : _internal : 127.0.0.1 - - [13/Dec/2025 13:50:56] "[33mGET /static/assets/img/wine.gif HTTP/1.1[0m" 404 -]
[2025-12-13 13:50:56,847 : INFO : _internal : 127.0.0.1 - - [13/Dec/2025 13:50:56] "[36mGET /static/js/scripts.js HTTP/1.1[0m" 304 -]
[2025-12-13 14:03:06,165 : INFO : main : #### Starting Data Ingestion ####]
[2025-12-13 14:03:06,167 : INFO : common : yaml file: config\config.yaml loaded successfully]
[2025-12-13 14:03:06,167 : INFO : common : yaml file: config\params.yaml loaded successfully]
[2025-12-13 14:03:06,171 : INFO : common : yaml file: schema.yaml loaded successfully]
[2025-12-13 14:03:06,172 : INFO : common : created directory at: artifacts]
[2025-12-13 14:03:06,173 : INFO : common : created directory at: artifacts/data_ingestion]
[2025-12-13 14:03:06,173 : INFO : data_ingestion : Downloading data from https://drive.google.com/file/d/1_OU_E76YpZQGGZpLhQmT8qoqksDNn14p/view?usp=drive_link into file artifacts\data_ingestion\data.zip]
[2025-12-13 14:03:09,118 : INFO : data_ingestion : Downloaded data from https://drive.google.com/file/d/1_OU_E76YpZQGGZpLhQmT8qoqksDNn14p/view?usp=drive_link into file artifacts\data_ingestion\data.zip]
[2025-12-13 14:03:09,122 : INFO : main : #### completed Data Ingestion stage ####]
[2025-12-13 14:03:09,122 : INFO : main : #### Starting Data validation ####]
[2025-12-13 14:03:09,125 : INFO : common : yaml file: config\config.yaml loaded successfully]
[2025-12-13 14:03:09,128 : INFO : common : yaml file: config\params.yaml loaded successfully]
[2025-12-13 14:03:09,130 : INFO : common : yaml file: schema.yaml loaded successfully]
[2025-12-13 14:03:09,131 : INFO : common : created directory at: artifacts]
[2025-12-13 14:03:09,131 : INFO : common : created directory at: artifacts/data_validation]
[2025-12-13 14:03:09,152 : INFO : data_validation : validation completed]
[2025-12-13 14:03:09,152 : INFO : main : #### completed Data validation stage ####]
[2025-12-13 14:03:09,153 : INFO : main : #### Starting Data transformation ####]
[2025-12-13 14:03:09,157 : INFO : common : yaml file: config\config.yaml loaded successfully]
[2025-12-13 14:03:09,160 : INFO : common : yaml file: config\params.yaml loaded successfully]
[2025-12-13 14:03:09,162 : INFO : common : yaml file: schema.yaml loaded successfully]
[2025-12-13 14:03:09,164 : INFO : common : created directory at: artifacts]
[2025-12-13 14:03:09,165 : INFO : common : created directory at: artifacts/data_transformation]
[2025-12-13 14:03:09,192 : INFO : data_transformation : dropped duplicates...]
[2025-12-13 14:03:09,197 : INFO : data_transformation : Removed Outliers...]
[2025-12-13 14:03:09,197 : INFO : data_transformation : Removing unwanted columns]
[2025-12-13 14:03:09,207 : INFO : data_transformation : Encoded categorical variables...]
[2025-12-13 14:03:09,211 : INFO : data_transformation : Splitted data into train and test...]
[2025-12-13 14:03:09,215 : INFO : data_transformation : Applied Standard Scaler...]
[2025-12-13 14:03:09,307 : INFO : data_transformation : Train set shape : (7600, 12)]
[2025-12-13 14:03:09,307 : INFO : data_transformation : Test set shape : (1900, 12)]
[2025-12-13 14:03:09,308 : INFO : main : #### completed Data transformation stage ####]
[2025-12-13 14:03:09,308 : INFO : main : #### Starting Model Training ####]
[2025-12-13 14:03:09,309 : INFO : common : yaml file: config\config.yaml loaded successfully]
[2025-12-13 14:03:09,311 : INFO : common : yaml file: config\params.yaml loaded successfully]
[2025-12-13 14:03:09,313 : INFO : common : yaml file: schema.yaml loaded successfully]
[2025-12-13 14:03:09,314 : INFO : common : created directory at: artifacts]
[2025-12-13 14:03:09,314 : INFO : common : created directory at: artifacts/model_training]
[2025-12-13 14:03:09,338 : INFO : model_training : Starting Polynomial_regrssor]
[2025-12-13 14:03:10,202 : INFO : model_training : Trained and dumpted poly_reg successfully]
[2025-12-13 14:03:10,222 : INFO : model_training : Starting Random_forest_regrssor]
[2025-12-13 14:03:12,940 : INFO : model_training : Trained and dumpted Random_forest_regrssor successfully]
[2025-12-13 14:03:12,947 : INFO : model_training : Starting xgboost]
[2025-12-13 14:03:13,182 : INFO : model_training : Trained and dumpted xgboost successfully]
[2025-12-13 14:03:43,608 : INFO : model_training : Trained and mlp successfully]
[2025-12-13 14:03:43,611 : INFO : main : #### completed Model Training ####]
[2025-12-13 14:03:43,611 : INFO : main : #### Starting Model Evaluation ####]
[2025-12-13 14:03:43,616 : INFO : common : yaml file: config\config.yaml loaded successfully]
[2025-12-13 14:03:43,617 : INFO : common : yaml file: config\params.yaml loaded successfully]
[2025-12-13 14:03:43,620 : INFO : common : yaml file: schema.yaml loaded successfully]
[2025-12-13 14:03:43,620 : INFO : common : created directory at: artifacts]
[2025-12-13 14:03:43,620 : INFO : common : created directory at: artifacts/model_evaluation]
[2025-12-13 14:03:56,470 : INFO : common : json file saved at: artifacts\model_evaluation\metrics.json]
[2025-12-13 14:03:56,473 : INFO : main : #### completed Model Evaluation ####]
[2025-12-13 14:06:16,839 : INFO : main : #### Starting Data Ingestion ####]
[2025-12-13 14:06:16,848 : INFO : common : yaml file: config\config.yaml loaded successfully]
[2025-12-13 14:06:16,855 : INFO : common : yaml file: config\params.yaml loaded successfully]
[2025-12-13 14:06:16,859 : INFO : common : yaml file: schema.yaml loaded successfully]
[2025-12-13 14:06:16,861 : INFO : common : created directory at: artifacts]
[2025-12-13 14:06:16,861 : INFO : common : created directory at: artifacts/data_ingestion]
[2025-12-13 14:06:16,861 : INFO : data_ingestion : Downloading data from https://drive.google.com/file/d/1_OU_E76YpZQGGZpLhQmT8qoqksDNn14p/view?usp=drive_link into file artifacts\data_ingestion\data.zip]
[2025-12-13 14:06:20,712 : INFO : data_ingestion : Downloaded data from https://drive.google.com/file/d/1_OU_E76YpZQGGZpLhQmT8qoqksDNn14p/view?usp=drive_link into file artifacts\data_ingestion\data.zip]
[2025-12-13 14:06:20,725 : INFO : main : #### completed Data Ingestion stage ####]
[2025-12-13 14:06:20,725 : INFO : main : #### Starting Data validation ####]
[2025-12-13 14:06:20,734 : INFO : common : yaml file: config\config.yaml loaded successfully]
[2025-12-13 14:06:20,740 : INFO : common : yaml file: config\params.yaml loaded successfully]
[2025-12-13 14:06:20,745 : INFO : common : yaml file: schema.yaml loaded successfully]
[2025-12-13 14:06:20,747 : INFO : common : created directory at: artifacts]
[2025-12-13 14:06:20,748 : INFO : common : created directory at: artifacts/data_validation]
[2025-12-13 14:06:20,796 : INFO : data_validation : validation completed]
[2025-12-13 14:06:20,796 : INFO : main : #### completed Data validation stage ####]
[2025-12-13 14:06:20,797 : INFO : main : #### Starting Data transformation ####]
[2025-12-13 14:06:20,803 : INFO : common : yaml file: config\config.yaml loaded successfully]
[2025-12-13 14:06:20,808 : INFO : common : yaml file: config\params.yaml loaded successfully]
[2025-12-13 14:06:20,811 : INFO : common : yaml file: schema.yaml loaded successfully]
[2025-12-13 14:06:20,813 : INFO : common : created directory at: artifacts]
[2025-12-13 14:06:20,815 : INFO : common : created directory at: artifacts/data_transformation]
[2025-12-13 14:06:20,890 : INFO : data_transformation : dropped duplicates...]
[2025-12-13 14:06:20,902 : INFO : data_transformation : Removed Outliers...]
[2025-12-13 14:06:20,902 : INFO : data_transformation : Removing unwanted columns]
[2025-12-13 14:06:20,917 : INFO : data_transformation : Encoded categorical variables...]
[2025-12-13 14:06:20,923 : INFO : data_transformation : Splitted data into train and test...]
[2025-12-13 14:06:20,945 : INFO : data_transformation : Saved scaler to artifacts\data_transformation\scaler.joblib and features to artifacts\data_transformation\features.json]
[2025-12-13 14:06:20,947 : INFO : data_transformation : Applied Standard Scaler (to features only)...]
[2025-12-13 14:06:21,193 : INFO : data_transformation : Train set shape : (7600, 12)]
[2025-12-13 14:06:21,193 : INFO : data_transformation : Test set shape : (1900, 12)]
[2025-12-13 14:06:21,194 : INFO : main : #### completed Data transformation stage ####]
[2025-12-13 14:06:21,195 : INFO : main : #### Starting Model Training ####]
[2025-12-13 14:06:21,202 : INFO : common : yaml file: config\config.yaml loaded successfully]
[2025-12-13 14:06:21,206 : INFO : common : yaml file: config\params.yaml loaded successfully]
[2025-12-13 14:06:21,210 : INFO : common : yaml file: schema.yaml loaded successfully]
[2025-12-13 14:06:21,211 : INFO : common : created directory at: artifacts]
[2025-12-13 14:06:21,211 : INFO : common : created directory at: artifacts/model_training]
[2025-12-13 14:06:21,271 : INFO : model_training : Starting Polynomial_regrssor]
[2025-12-13 14:06:24,727 : INFO : model_training : Trained and dumpted poly_reg successfully]
[2025-12-13 14:06:24,774 : INFO : model_training : Starting Random_forest_regrssor]
[2025-12-13 14:06:31,727 : INFO : model_training : Trained and dumpted Random_forest_regrssor successfully]
[2025-12-13 14:06:31,744 : INFO : model_training : Starting xgboost]
[2025-12-13 14:06:32,526 : INFO : model_training : Trained and dumpted xgboost successfully]
[2025-12-13 14:07:50,465 : INFO : model_training : Trained and mlp successfully]
[2025-12-13 14:07:50,466 : INFO : main : #### completed Model Training ####]
[2025-12-13 14:07:50,467 : INFO : main : #### Starting Model Evaluation ####]
[2025-12-13 14:07:50,471 : INFO : common : yaml file: config\config.yaml loaded successfully]
[2025-12-13 14:07:50,475 : INFO : common : yaml file: config\params.yaml loaded successfully]
[2025-12-13 14:07:50,479 : INFO : common : yaml file: schema.yaml loaded successfully]
[2025-12-13 14:07:50,480 : INFO : common : created directory at: artifacts]
[2025-12-13 14:07:50,480 : INFO : common : created directory at: artifacts/model_evaluation]
[2025-12-13 14:08:17,417 : INFO : common : json file saved at: artifacts\model_evaluation\metrics.json]
[2025-12-13 14:08:17,421 : INFO : main : #### completed Model Evaluation ####]
[2025-12-13 14:09:31,068 : INFO : _internal : [31m[1mWARNING: This is a development server. Do not use it in a production deployment. Use a production WSGI server instead.[0m
 * Running on all addresses (0.0.0.0)
 * Running on http://127.0.0.1:8080
 * Running on http://172.22.35.226:8080]
[2025-12-13 14:09:31,068 : INFO : _internal : [33mPress CTRL+C to quit[0m]
[2025-12-13 14:09:31,070 : INFO : _internal :  * Restarting with stat]
[2025-12-13 14:09:31,972 : WARNING : _internal :  * Debugger is active!]
[2025-12-13 14:09:31,975 : INFO : _internal :  * Debugger PIN: 144-249-752]
[2025-12-13 14:09:33,947 : INFO : _internal : 127.0.0.1 - - [13/Dec/2025 14:09:33] "GET / HTTP/1.1" 200 -]
[2025-12-13 14:09:34,384 : INFO : _internal : 127.0.0.1 - - [13/Dec/2025 14:09:34] "GET /static/css/style.css HTTP/1.1" 200 -]
[2025-12-13 14:09:34,430 : INFO : _internal : 127.0.0.1 - - [13/Dec/2025 14:09:34] "[33mGET /favicon.ico HTTP/1.1[0m" 404 -]
[2025-12-13 14:10:16,604 : INFO : _internal : 127.0.0.1 - - [13/Dec/2025 14:10:16] "POST /predict HTTP/1.1" 200 -]
[2025-12-13 14:10:16,647 : INFO : _internal : 127.0.0.1 - - [13/Dec/2025 14:10:16] "[36mGET /static/css/style.css HTTP/1.1[0m" 304 -]
[2025-12-13 16:27:43,164 : INFO : _internal : [31m[1mWARNING: This is a development server. Do not use it in a production deployment. Use a production WSGI server instead.[0m
 * Running on all addresses (0.0.0.0)
 * Running on http://127.0.0.1:8080
 * Running on http://172.22.35.226:8080]
[2025-12-13 16:27:43,168 : INFO : _internal : [33mPress CTRL+C to quit[0m]
[2025-12-13 16:27:43,183 : INFO : _internal :  * Restarting with stat]
[2025-12-13 16:27:43,988 : WARNING : _internal :  * Debugger is active!]
[2025-12-13 16:27:43,992 : INFO : _internal :  * Debugger PIN: 144-249-752]
[2025-12-13 16:30:02,670 : INFO : main : #### Starting Data Ingestion ####]
[2025-12-13 16:30:02,687 : INFO : common : yaml file: config\config.yaml loaded successfully]
[2025-12-13 16:30:02,712 : INFO : common : yaml file: config\params.yaml loaded successfully]
[2025-12-13 16:30:02,717 : INFO : common : yaml file: schema.yaml loaded successfully]
[2025-12-13 16:30:02,721 : INFO : common : created directory at: artifacts]
[2025-12-13 16:30:02,723 : INFO : common : created directory at: artifacts/data_ingestion]
[2025-12-13 16:30:02,726 : INFO : data_ingestion : Downloading data from https://drive.google.com/file/d/1_OU_E76YpZQGGZpLhQmT8qoqksDNn14p/view?usp=drive_link into file artifacts\data_ingestion\data.zip]
[2025-12-13 16:30:05,841 : INFO : data_ingestion : Downloaded data from https://drive.google.com/file/d/1_OU_E76YpZQGGZpLhQmT8qoqksDNn14p/view?usp=drive_link into file artifacts\data_ingestion\data.zip]
[2025-12-13 16:30:05,852 : INFO : main : #### completed Data Ingestion stage ####]
[2025-12-13 16:30:05,856 : INFO : main : #### Starting Data validation ####]
[2025-12-13 16:30:05,860 : INFO : common : yaml file: config\config.yaml loaded successfully]
[2025-12-13 16:30:05,875 : INFO : common : yaml file: config\params.yaml loaded successfully]
[2025-12-13 16:30:05,880 : INFO : common : yaml file: schema.yaml loaded successfully]
[2025-12-13 16:30:05,882 : INFO : common : created directory at: artifacts]
[2025-12-13 16:30:05,882 : INFO : common : created directory at: artifacts/data_validation]
[2025-12-13 16:30:05,908 : INFO : data_validation : validation completed]
[2025-12-13 16:30:05,909 : INFO : main : #### completed Data validation stage ####]
[2025-12-13 16:30:05,909 : INFO : main : #### Starting Data transformation ####]
[2025-12-13 16:30:05,914 : INFO : common : yaml file: config\config.yaml loaded successfully]
[2025-12-13 16:30:05,916 : INFO : common : yaml file: config\params.yaml loaded successfully]
[2025-12-13 16:30:05,922 : INFO : common : yaml file: schema.yaml loaded successfully]
[2025-12-13 16:30:05,924 : INFO : common : created directory at: artifacts]
[2025-12-13 16:30:05,924 : INFO : common : created directory at: artifacts/data_transformation]
[2025-12-13 16:30:05,947 : INFO : data_transformation : handling duplicates]
[2025-12-13 16:30:05,959 : INFO : data_transformation : dropping columns]
[2025-12-13 16:30:05,961 : INFO : data_transformation : Splitted data into train_set and test-set...]
[2025-12-13 16:30:05,965 : INFO : data_transformation : handling outliers..]
[2025-12-13 16:30:05,980 : INFO : data_transformation : Scaling and encoding...]
[2025-12-13 16:30:06,032 : INFO : data_transformation : preprocessing is done..]
[2025-12-13 16:30:06,032 : INFO : data_transformation : X_train shape : (7594, 11)
 X_test shape: (1911, 11)]
[2025-12-13 16:30:06,034 : INFO : main : #### completed Data transformation stage ####]
[2025-12-13 16:50:35,909 : INFO : main : #### Starting Data Ingestion ####]
[2025-12-13 16:50:35,914 : INFO : common : yaml file: config\config.yaml loaded successfully]
[2025-12-13 16:50:35,916 : INFO : common : yaml file: config\params.yaml loaded successfully]
[2025-12-13 16:50:35,920 : INFO : common : yaml file: schema.yaml loaded successfully]
[2025-12-13 16:50:35,920 : INFO : common : created directory at: artifacts]
[2025-12-13 16:50:35,920 : INFO : common : created directory at: artifacts/data_ingestion]
[2025-12-13 16:50:35,920 : INFO : data_ingestion : Downloading data from https://drive.google.com/file/d/1_OU_E76YpZQGGZpLhQmT8qoqksDNn14p/view?usp=drive_link into file artifacts\data_ingestion\data.zip]
[2025-12-13 16:50:39,646 : INFO : data_ingestion : Downloaded data from https://drive.google.com/file/d/1_OU_E76YpZQGGZpLhQmT8qoqksDNn14p/view?usp=drive_link into file artifacts\data_ingestion\data.zip]
[2025-12-13 16:50:39,655 : INFO : main : #### completed Data Ingestion stage ####]
[2025-12-13 16:50:39,675 : INFO : main : #### Starting Data validation ####]
[2025-12-13 16:50:39,683 : INFO : common : yaml file: config\config.yaml loaded successfully]
[2025-12-13 16:50:39,692 : INFO : common : yaml file: config\params.yaml loaded successfully]
[2025-12-13 16:50:39,701 : INFO : common : yaml file: schema.yaml loaded successfully]
[2025-12-13 16:50:39,703 : INFO : common : created directory at: artifacts]
[2025-12-13 16:50:39,706 : INFO : common : created directory at: artifacts/data_validation]
[2025-12-13 16:50:39,734 : INFO : data_validation : validation completed]
[2025-12-13 16:50:39,735 : INFO : main : #### completed Data validation stage ####]
[2025-12-13 16:50:39,735 : INFO : main : #### Starting Data transformation ####]
[2025-12-13 16:50:39,740 : INFO : common : yaml file: config\config.yaml loaded successfully]
[2025-12-13 16:50:39,745 : INFO : common : yaml file: config\params.yaml loaded successfully]
[2025-12-13 16:50:39,749 : INFO : common : yaml file: schema.yaml loaded successfully]
[2025-12-13 16:50:39,751 : INFO : common : created directory at: artifacts]
[2025-12-13 16:50:39,751 : INFO : common : created directory at: artifacts/data_transformation]
[2025-12-13 16:50:39,777 : INFO : data_transformation : handling duplicates]
[2025-12-13 16:50:39,788 : INFO : data_transformation : dropping columns]
[2025-12-13 16:50:39,789 : INFO : data_transformation : Splitted data into train_set and test-set...]
[2025-12-13 16:50:39,796 : INFO : data_transformation : handling outliers..]
[2025-12-13 16:50:39,807 : INFO : data_transformation : Scaling and encoding...]
[2025-12-13 16:50:39,860 : INFO : data_transformation : preprocessing is done..]
[2025-12-13 16:50:39,861 : INFO : data_transformation : X_train shape : (7594, 11)
 X_test shape: (1911, 11)]
[2025-12-13 16:50:39,861 : INFO : main : #### completed Data transformation stage ####]
[2025-12-13 16:50:39,861 : INFO : main : #### Starting Model Training ####]
[2025-12-13 16:50:39,866 : INFO : common : yaml file: config\config.yaml loaded successfully]
[2025-12-13 16:50:39,870 : INFO : common : yaml file: config\params.yaml loaded successfully]
[2025-12-13 16:50:39,872 : INFO : common : yaml file: schema.yaml loaded successfully]
[2025-12-13 16:50:39,872 : INFO : common : created directory at: artifacts]
[2025-12-13 16:50:39,872 : INFO : common : created directory at: artifacts/model_training]
[2025-12-13 16:50:39,872 : ERROR : main : "'ConfigBox' object has no attribute 'train_data_path'"]
Traceback (most recent call last):
  File "box\box.py", line 503, in box.box.Box.__getitem__
KeyError: 'train_data_path'

The above exception was the direct cause of the following exception:

Traceback (most recent call last):
  File "box\box.py", line 536, in box.box.Box.__getattr__
  File "box\box.py", line 524, in box.box.Box.__getitem__
box.exceptions.BoxKeyError: "'train_data_path'"

During handling of the above exception, another exception occurred:

Traceback (most recent call last):
  File "box\box.py", line 538, in box.box.Box.__getattr__
AttributeError: 'ConfigBox' object has no attribute 'train_data_path'

The above exception was the direct cause of the following exception:

Traceback (most recent call last):
  File "box\config_box.py", line 28, in box.config_box.ConfigBox.__getattr__
  File "box\box.py", line 552, in box.box.Box.__getattr__
box.exceptions.BoxKeyError: "'ConfigBox' object has no attribute 'train_data_path'"

During handling of the above exception, another exception occurred:

Traceback (most recent call last):
  File "box\box.py", line 503, in box.box.Box.__getitem__
KeyError: 'train_data_path'

The above exception was the direct cause of the following exception:

Traceback (most recent call last):
  File "box\box.py", line 536, in box.box.Box.__getattr__
  File "box\box.py", line 524, in box.box.Box.__getitem__
box.exceptions.BoxKeyError: "'train_data_path'"

During handling of the above exception, another exception occurred:

Traceback (most recent call last):
  File "box\box.py", line 538, in box.box.Box.__getattr__
AttributeError: 'ConfigBox' object has no attribute 'train_data_path'

The above exception was the direct cause of the following exception:

Traceback (most recent call last):
  File "C:\house-rent-prediction-model\main.py", line 39, in <module>
    obj.main()
  File "C:\house-rent-prediction-model\src\House_Rent_Prediction\pipeline\st_4_model_training.py", line 11, in main
    model_training_config = config.get_model_training_config()
  File "C:\house-rent-prediction-model\src\House_Rent_Prediction\config\configuration.py", line 58, in get_model_training_config
    train_data_path = Path(config.train_data_path),
  File "box\config_box.py", line 30, in box.config_box.ConfigBox.__getattr__
  File "box\box.py", line 552, in box.box.Box.__getattr__
box.exceptions.BoxKeyError: "'ConfigBox' object has no attribute 'train_data_path'"
[2025-12-13 16:52:53,022 : INFO : main : #### Starting Data Ingestion ####]
[2025-12-13 16:52:53,029 : INFO : common : yaml file: config\config.yaml loaded successfully]
[2025-12-13 16:52:53,032 : INFO : common : yaml file: config\params.yaml loaded successfully]
[2025-12-13 16:52:53,033 : INFO : common : yaml file: schema.yaml loaded successfully]
[2025-12-13 16:52:53,034 : INFO : common : created directory at: artifacts]
[2025-12-13 16:52:53,034 : INFO : common : created directory at: artifacts/data_ingestion]
[2025-12-13 16:52:53,034 : INFO : data_ingestion : Downloading data from https://drive.google.com/file/d/1_OU_E76YpZQGGZpLhQmT8qoqksDNn14p/view?usp=drive_link into file artifacts\data_ingestion\data.zip]
[2025-12-13 16:52:56,380 : INFO : data_ingestion : Downloaded data from https://drive.google.com/file/d/1_OU_E76YpZQGGZpLhQmT8qoqksDNn14p/view?usp=drive_link into file artifacts\data_ingestion\data.zip]
[2025-12-13 16:52:56,405 : INFO : main : #### completed Data Ingestion stage ####]
[2025-12-13 16:52:56,409 : INFO : main : #### Starting Data validation ####]
[2025-12-13 16:52:56,415 : INFO : common : yaml file: config\config.yaml loaded successfully]
[2025-12-13 16:52:56,434 : INFO : common : yaml file: config\params.yaml loaded successfully]
[2025-12-13 16:52:56,443 : INFO : common : yaml file: schema.yaml loaded successfully]
[2025-12-13 16:52:56,445 : INFO : common : created directory at: artifacts]
[2025-12-13 16:52:56,447 : INFO : common : created directory at: artifacts/data_validation]
[2025-12-13 16:52:56,472 : INFO : data_validation : validation completed]
[2025-12-13 16:52:56,473 : INFO : main : #### completed Data validation stage ####]
[2025-12-13 16:52:56,473 : INFO : main : #### Starting Data transformation ####]
[2025-12-13 16:52:56,478 : INFO : common : yaml file: config\config.yaml loaded successfully]
[2025-12-13 16:52:56,483 : INFO : common : yaml file: config\params.yaml loaded successfully]
[2025-12-13 16:52:56,486 : INFO : common : yaml file: schema.yaml loaded successfully]
[2025-12-13 16:52:56,487 : INFO : common : created directory at: artifacts]
[2025-12-13 16:52:56,488 : INFO : common : created directory at: artifacts/data_transformation]
[2025-12-13 16:52:56,508 : INFO : data_transformation : handling duplicates]
[2025-12-13 16:52:56,518 : INFO : data_transformation : dropping columns]
[2025-12-13 16:52:56,518 : INFO : data_transformation : Splitted data into train_set and test-set...]
[2025-12-13 16:52:56,527 : INFO : data_transformation : handling outliers..]
[2025-12-13 16:52:56,607 : INFO : data_transformation : Scaling and encoding...]
[2025-12-13 16:52:56,665 : INFO : data_transformation : preprocessing is done..]
[2025-12-13 16:52:56,665 : INFO : data_transformation : X_train shape : (7594, 11)
 X_test shape: (1911, 11)]
[2025-12-13 16:52:56,665 : INFO : main : #### completed Data transformation stage ####]
[2025-12-13 16:52:56,665 : INFO : main : #### Starting Model Training ####]
[2025-12-13 16:52:56,669 : INFO : common : yaml file: config\config.yaml loaded successfully]
[2025-12-13 16:52:56,671 : INFO : common : yaml file: config\params.yaml loaded successfully]
[2025-12-13 16:52:56,676 : INFO : common : yaml file: schema.yaml loaded successfully]
[2025-12-13 16:52:56,676 : INFO : common : created directory at: artifacts]
[2025-12-13 16:52:56,678 : INFO : common : created directory at: artifacts/model_training]
[2025-12-13 16:52:56,678 : ERROR : main : "'ConfigBox' object has no attribute 'train_data_path'"]
Traceback (most recent call last):
  File "box\box.py", line 503, in box.box.Box.__getitem__
KeyError: 'train_data_path'

The above exception was the direct cause of the following exception:

Traceback (most recent call last):
  File "box\box.py", line 536, in box.box.Box.__getattr__
  File "box\box.py", line 524, in box.box.Box.__getitem__
box.exceptions.BoxKeyError: "'train_data_path'"

During handling of the above exception, another exception occurred:

Traceback (most recent call last):
  File "box\box.py", line 538, in box.box.Box.__getattr__
AttributeError: 'ConfigBox' object has no attribute 'train_data_path'

The above exception was the direct cause of the following exception:

Traceback (most recent call last):
  File "box\config_box.py", line 28, in box.config_box.ConfigBox.__getattr__
  File "box\box.py", line 552, in box.box.Box.__getattr__
box.exceptions.BoxKeyError: "'ConfigBox' object has no attribute 'train_data_path'"

During handling of the above exception, another exception occurred:

Traceback (most recent call last):
  File "box\box.py", line 503, in box.box.Box.__getitem__
KeyError: 'train_data_path'

The above exception was the direct cause of the following exception:

Traceback (most recent call last):
  File "box\box.py", line 536, in box.box.Box.__getattr__
  File "box\box.py", line 524, in box.box.Box.__getitem__
box.exceptions.BoxKeyError: "'train_data_path'"

During handling of the above exception, another exception occurred:

Traceback (most recent call last):
  File "box\box.py", line 538, in box.box.Box.__getattr__
AttributeError: 'ConfigBox' object has no attribute 'train_data_path'

The above exception was the direct cause of the following exception:

Traceback (most recent call last):
  File "C:\house-rent-prediction-model\main.py", line 39, in <module>
    obj.main()
  File "C:\house-rent-prediction-model\src\House_Rent_Prediction\pipeline\st_4_model_training.py", line 11, in main
    model_training_config = config.get_model_training_config()
  File "C:\house-rent-prediction-model\src\House_Rent_Prediction\config\configuration.py", line 58, in get_model_training_config
    train_data_path = Path(config.train_data_path),
  File "box\config_box.py", line 30, in box.config_box.ConfigBox.__getattr__
  File "box\box.py", line 552, in box.box.Box.__getattr__
box.exceptions.BoxKeyError: "'ConfigBox' object has no attribute 'train_data_path'"
[2025-12-13 16:53:47,238 : INFO : main : #### Starting Data Ingestion ####]
[2025-12-13 16:53:47,238 : INFO : common : yaml file: config\config.yaml loaded successfully]
[2025-12-13 16:53:47,242 : INFO : common : yaml file: config\params.yaml loaded successfully]
[2025-12-13 16:53:47,246 : INFO : common : yaml file: schema.yaml loaded successfully]
[2025-12-13 16:53:47,247 : INFO : common : created directory at: artifacts]
[2025-12-13 16:53:47,248 : INFO : common : created directory at: artifacts/data_ingestion]
[2025-12-13 16:53:47,248 : INFO : data_ingestion : Downloading data from https://drive.google.com/file/d/1_OU_E76YpZQGGZpLhQmT8qoqksDNn14p/view?usp=drive_link into file artifacts\data_ingestion\data.zip]
[2025-12-13 16:53:50,738 : INFO : data_ingestion : Downloaded data from https://drive.google.com/file/d/1_OU_E76YpZQGGZpLhQmT8qoqksDNn14p/view?usp=drive_link into file artifacts\data_ingestion\data.zip]
[2025-12-13 16:53:50,746 : INFO : main : #### completed Data Ingestion stage ####]
[2025-12-13 16:53:50,747 : INFO : main : #### Starting Data validation ####]
[2025-12-13 16:53:50,753 : INFO : common : yaml file: config\config.yaml loaded successfully]
[2025-12-13 16:53:50,760 : INFO : common : yaml file: config\params.yaml loaded successfully]
[2025-12-13 16:53:50,769 : INFO : common : yaml file: schema.yaml loaded successfully]
[2025-12-13 16:53:50,770 : INFO : common : created directory at: artifacts]
[2025-12-13 16:53:50,772 : INFO : common : created directory at: artifacts/data_validation]
[2025-12-13 16:53:50,799 : INFO : data_validation : validation completed]
[2025-12-13 16:53:50,801 : INFO : main : #### completed Data validation stage ####]
[2025-12-13 16:53:50,801 : INFO : main : #### Starting Data transformation ####]
[2025-12-13 16:53:50,804 : INFO : common : yaml file: config\config.yaml loaded successfully]
[2025-12-13 16:53:50,804 : INFO : common : yaml file: config\params.yaml loaded successfully]
[2025-12-13 16:53:50,809 : INFO : common : yaml file: schema.yaml loaded successfully]
[2025-12-13 16:53:50,809 : INFO : common : created directory at: artifacts]
[2025-12-13 16:53:50,813 : INFO : common : created directory at: artifacts/data_transformation]
[2025-12-13 16:53:50,836 : INFO : data_transformation : handling duplicates]
[2025-12-13 16:53:50,850 : INFO : data_transformation : dropping columns]
[2025-12-13 16:53:50,851 : INFO : data_transformation : Splitted data into train_set and test-set...]
[2025-12-13 16:53:50,852 : INFO : data_transformation : handling outliers..]
[2025-12-13 16:53:50,867 : INFO : data_transformation : Scaling and encoding...]
[2025-12-13 16:53:50,913 : INFO : data_transformation : preprocessing is done..]
[2025-12-13 16:53:50,913 : INFO : data_transformation : X_train shape : (7594, 11)
 X_test shape: (1911, 11)]
[2025-12-13 16:53:50,916 : INFO : main : #### completed Data transformation stage ####]
[2025-12-13 16:53:50,916 : INFO : main : #### Starting Model Training ####]
[2025-12-13 16:53:50,920 : INFO : common : yaml file: config\config.yaml loaded successfully]
[2025-12-13 16:53:50,923 : INFO : common : yaml file: config\params.yaml loaded successfully]
[2025-12-13 16:53:50,923 : INFO : common : yaml file: schema.yaml loaded successfully]
[2025-12-13 16:53:50,923 : INFO : common : created directory at: artifacts]
[2025-12-13 16:53:50,926 : INFO : common : created directory at: artifacts/model_training]
[2025-12-13 16:53:50,931 : ERROR : main : "'ConfigBox' object has no attribute 'x_test_path'"]
Traceback (most recent call last):
  File "box\box.py", line 503, in box.box.Box.__getitem__
KeyError: 'X_test_path'

The above exception was the direct cause of the following exception:

Traceback (most recent call last):
  File "box\box.py", line 536, in box.box.Box.__getattr__
  File "box\box.py", line 524, in box.box.Box.__getitem__
box.exceptions.BoxKeyError: "'X_test_path'"

During handling of the above exception, another exception occurred:

Traceback (most recent call last):
  File "box\box.py", line 538, in box.box.Box.__getattr__
AttributeError: 'ConfigBox' object has no attribute 'X_test_path'

The above exception was the direct cause of the following exception:

Traceback (most recent call last):
  File "box\config_box.py", line 28, in box.config_box.ConfigBox.__getattr__
  File "box\box.py", line 552, in box.box.Box.__getattr__
box.exceptions.BoxKeyError: "'ConfigBox' object has no attribute 'X_test_path'"

During handling of the above exception, another exception occurred:

Traceback (most recent call last):
  File "box\box.py", line 503, in box.box.Box.__getitem__
KeyError: 'x_test_path'

The above exception was the direct cause of the following exception:

Traceback (most recent call last):
  File "box\box.py", line 536, in box.box.Box.__getattr__
  File "box\box.py", line 524, in box.box.Box.__getitem__
box.exceptions.BoxKeyError: "'x_test_path'"

During handling of the above exception, another exception occurred:

Traceback (most recent call last):
  File "box\box.py", line 538, in box.box.Box.__getattr__
AttributeError: 'ConfigBox' object has no attribute 'x_test_path'

The above exception was the direct cause of the following exception:

Traceback (most recent call last):
  File "C:\house-rent-prediction-model\main.py", line 39, in <module>
    obj.main()
  File "C:\house-rent-prediction-model\src\House_Rent_Prediction\pipeline\st_4_model_training.py", line 11, in main
    model_training_config = config.get_model_training_config()
  File "C:\house-rent-prediction-model\src\House_Rent_Prediction\config\configuration.py", line 58, in get_model_training_config
    X_train_path = Path(self.config.X_test_path),
  File "box\config_box.py", line 30, in box.config_box.ConfigBox.__getattr__
  File "box\box.py", line 552, in box.box.Box.__getattr__
box.exceptions.BoxKeyError: "'ConfigBox' object has no attribute 'x_test_path'"
[2025-12-13 16:59:00,307 : INFO : main : #### Starting Data Ingestion ####]
[2025-12-13 16:59:00,311 : INFO : common : yaml file: config\config.yaml loaded successfully]
[2025-12-13 16:59:00,315 : INFO : common : yaml file: config\params.yaml loaded successfully]
[2025-12-13 16:59:00,317 : INFO : common : yaml file: schema.yaml loaded successfully]
[2025-12-13 16:59:00,317 : INFO : common : created directory at: artifacts]
[2025-12-13 16:59:00,319 : INFO : common : created directory at: artifacts/data_ingestion]
[2025-12-13 16:59:00,319 : INFO : data_ingestion : Downloading data from https://drive.google.com/file/d/1_OU_E76YpZQGGZpLhQmT8qoqksDNn14p/view?usp=drive_link into file artifacts\data_ingestion\data.zip]
[2025-12-13 16:59:03,404 : INFO : data_ingestion : Downloaded data from https://drive.google.com/file/d/1_OU_E76YpZQGGZpLhQmT8qoqksDNn14p/view?usp=drive_link into file artifacts\data_ingestion\data.zip]
[2025-12-13 16:59:03,414 : INFO : main : #### completed Data Ingestion stage ####]
[2025-12-13 16:59:03,414 : INFO : main : #### Starting Data validation ####]
[2025-12-13 16:59:03,423 : INFO : common : yaml file: config\config.yaml loaded successfully]
[2025-12-13 16:59:03,424 : INFO : common : yaml file: config\params.yaml loaded successfully]
[2025-12-13 16:59:03,428 : INFO : common : yaml file: schema.yaml loaded successfully]
[2025-12-13 16:59:03,431 : INFO : common : created directory at: artifacts]
[2025-12-13 16:59:03,431 : INFO : common : created directory at: artifacts/data_validation]
[2025-12-13 16:59:03,452 : INFO : data_validation : validation completed]
[2025-12-13 16:59:03,452 : INFO : main : #### completed Data validation stage ####]
[2025-12-13 16:59:03,457 : INFO : main : #### Starting Data transformation ####]
[2025-12-13 16:59:03,463 : INFO : common : yaml file: config\config.yaml loaded successfully]
[2025-12-13 16:59:03,466 : INFO : common : yaml file: config\params.yaml loaded successfully]
[2025-12-13 16:59:03,467 : INFO : common : yaml file: schema.yaml loaded successfully]
[2025-12-13 16:59:03,467 : INFO : common : created directory at: artifacts]
[2025-12-13 16:59:03,470 : INFO : common : created directory at: artifacts/data_transformation]
[2025-12-13 16:59:03,488 : INFO : data_transformation : handling duplicates]
[2025-12-13 16:59:03,497 : INFO : data_transformation : dropping columns]
[2025-12-13 16:59:03,497 : INFO : data_transformation : Splitted data into train_set and test-set...]
[2025-12-13 16:59:03,501 : INFO : data_transformation : handling outliers..]
[2025-12-13 16:59:03,511 : INFO : data_transformation : Scaling and encoding...]
[2025-12-13 16:59:03,551 : INFO : data_transformation : preprocessing is done..]
[2025-12-13 16:59:03,551 : INFO : data_transformation : X_train shape : (7594, 11)
 X_test shape: (1911, 11)]
[2025-12-13 16:59:03,551 : INFO : main : #### completed Data transformation stage ####]
[2025-12-13 16:59:03,551 : INFO : main : #### Starting Model Training ####]
[2025-12-13 16:59:03,555 : INFO : common : yaml file: config\config.yaml loaded successfully]
[2025-12-13 16:59:03,561 : INFO : common : yaml file: config\params.yaml loaded successfully]
[2025-12-13 16:59:03,564 : INFO : common : yaml file: schema.yaml loaded successfully]
[2025-12-13 16:59:03,565 : INFO : common : created directory at: artifacts]
[2025-12-13 16:59:03,565 : INFO : common : created directory at: artifacts/model_training]
[2025-12-13 16:59:03,565 : ERROR : main : "'ConfigBox' object has no attribute 'x_train_path'"]
Traceback (most recent call last):
  File "box\box.py", line 503, in box.box.Box.__getitem__
KeyError: 'X_train_path'

The above exception was the direct cause of the following exception:

Traceback (most recent call last):
  File "box\box.py", line 536, in box.box.Box.__getattr__
  File "box\box.py", line 524, in box.box.Box.__getitem__
box.exceptions.BoxKeyError: "'X_train_path'"

During handling of the above exception, another exception occurred:

Traceback (most recent call last):
  File "box\box.py", line 538, in box.box.Box.__getattr__
AttributeError: 'ConfigBox' object has no attribute 'X_train_path'

The above exception was the direct cause of the following exception:

Traceback (most recent call last):
  File "box\config_box.py", line 28, in box.config_box.ConfigBox.__getattr__
  File "box\box.py", line 552, in box.box.Box.__getattr__
box.exceptions.BoxKeyError: "'ConfigBox' object has no attribute 'X_train_path'"

During handling of the above exception, another exception occurred:

Traceback (most recent call last):
  File "box\box.py", line 503, in box.box.Box.__getitem__
KeyError: 'x_train_path'

The above exception was the direct cause of the following exception:

Traceback (most recent call last):
  File "box\box.py", line 536, in box.box.Box.__getattr__
  File "box\box.py", line 524, in box.box.Box.__getitem__
box.exceptions.BoxKeyError: "'x_train_path'"

During handling of the above exception, another exception occurred:

Traceback (most recent call last):
  File "box\box.py", line 538, in box.box.Box.__getattr__
AttributeError: 'ConfigBox' object has no attribute 'x_train_path'

The above exception was the direct cause of the following exception:

Traceback (most recent call last):
  File "C:\house-rent-prediction-model\main.py", line 39, in <module>
    obj.main()
  File "C:\house-rent-prediction-model\src\House_Rent_Prediction\pipeline\st_4_model_training.py", line 11, in main
    model_training_config = config.get_model_training_config()
  File "C:\house-rent-prediction-model\src\House_Rent_Prediction\config\configuration.py", line 57, in get_model_training_config
    X_train_path = Path(self.config.X_train_path),
  File "box\config_box.py", line 30, in box.config_box.ConfigBox.__getattr__
  File "box\box.py", line 552, in box.box.Box.__getattr__
box.exceptions.BoxKeyError: "'ConfigBox' object has no attribute 'x_train_path'"
[2025-12-13 17:02:51,826 : INFO : main : #### Starting Data Ingestion ####]
[2025-12-13 17:02:51,835 : INFO : common : yaml file: config\config.yaml loaded successfully]
[2025-12-13 17:02:51,840 : INFO : common : yaml file: config\params.yaml loaded successfully]
[2025-12-13 17:02:51,842 : INFO : common : yaml file: schema.yaml loaded successfully]
[2025-12-13 17:02:51,852 : INFO : common : created directory at: artifacts]
[2025-12-13 17:02:51,852 : INFO : common : created directory at: artifacts/data_ingestion]
[2025-12-13 17:02:51,854 : INFO : data_ingestion : Downloading data from https://drive.google.com/file/d/1_OU_E76YpZQGGZpLhQmT8qoqksDNn14p/view?usp=drive_link into file artifacts\data_ingestion\data.zip]
[2025-12-13 17:02:55,099 : INFO : data_ingestion : Downloaded data from https://drive.google.com/file/d/1_OU_E76YpZQGGZpLhQmT8qoqksDNn14p/view?usp=drive_link into file artifacts\data_ingestion\data.zip]
[2025-12-13 17:02:55,109 : INFO : main : #### completed Data Ingestion stage ####]
[2025-12-13 17:02:55,114 : INFO : main : #### Starting Data validation ####]
[2025-12-13 17:02:55,118 : INFO : common : yaml file: config\config.yaml loaded successfully]
[2025-12-13 17:02:55,122 : INFO : common : yaml file: config\params.yaml loaded successfully]
[2025-12-13 17:02:55,131 : INFO : common : yaml file: schema.yaml loaded successfully]
[2025-12-13 17:02:55,138 : INFO : common : created directory at: artifacts]
[2025-12-13 17:02:55,139 : INFO : common : created directory at: artifacts/data_validation]
[2025-12-13 17:02:55,167 : INFO : data_validation : validation completed]
[2025-12-13 17:02:55,169 : INFO : main : #### completed Data validation stage ####]
[2025-12-13 17:02:55,169 : INFO : main : #### Starting Data transformation ####]
[2025-12-13 17:02:55,172 : INFO : common : yaml file: config\config.yaml loaded successfully]
[2025-12-13 17:02:55,177 : INFO : common : yaml file: config\params.yaml loaded successfully]
[2025-12-13 17:02:55,182 : INFO : common : yaml file: schema.yaml loaded successfully]
[2025-12-13 17:02:55,183 : INFO : common : created directory at: artifacts]
[2025-12-13 17:02:55,183 : INFO : common : created directory at: artifacts/data_transformation]
[2025-12-13 17:02:55,204 : INFO : data_transformation : handling duplicates]
[2025-12-13 17:02:55,216 : INFO : data_transformation : dropping columns]
[2025-12-13 17:02:55,219 : INFO : data_transformation : Splitted data into train_set and test-set...]
[2025-12-13 17:02:55,222 : INFO : data_transformation : handling outliers..]
[2025-12-13 17:02:55,301 : INFO : data_transformation : Scaling and encoding...]
[2025-12-13 17:02:55,362 : INFO : data_transformation : preprocessing is done..]
[2025-12-13 17:02:55,362 : INFO : data_transformation : X_train shape : (7594, 11)
 X_test shape: (1911, 11)]
[2025-12-13 17:02:55,363 : INFO : main : #### completed Data transformation stage ####]
[2025-12-13 17:02:55,363 : INFO : main : #### Starting Model Training ####]
[2025-12-13 17:02:55,366 : INFO : common : yaml file: config\config.yaml loaded successfully]
[2025-12-13 17:02:55,369 : INFO : common : yaml file: config\params.yaml loaded successfully]
[2025-12-13 17:02:55,370 : INFO : common : yaml file: schema.yaml loaded successfully]
[2025-12-13 17:02:55,372 : INFO : common : created directory at: artifacts]
[2025-12-13 17:02:55,372 : INFO : common : created directory at: artifacts/model_training]
[2025-12-13 17:02:55,372 : ERROR : main : "'ConfigBox' object has no attribute 'x_train_path'"]
Traceback (most recent call last):
  File "box\box.py", line 503, in box.box.Box.__getitem__
KeyError: 'X_train_path'

The above exception was the direct cause of the following exception:

Traceback (most recent call last):
  File "box\box.py", line 536, in box.box.Box.__getattr__
  File "box\box.py", line 524, in box.box.Box.__getitem__
box.exceptions.BoxKeyError: "'X_train_path'"

During handling of the above exception, another exception occurred:

Traceback (most recent call last):
  File "box\box.py", line 538, in box.box.Box.__getattr__
AttributeError: 'ConfigBox' object has no attribute 'X_train_path'

The above exception was the direct cause of the following exception:

Traceback (most recent call last):
  File "box\config_box.py", line 28, in box.config_box.ConfigBox.__getattr__
  File "box\box.py", line 552, in box.box.Box.__getattr__
box.exceptions.BoxKeyError: "'ConfigBox' object has no attribute 'X_train_path'"

During handling of the above exception, another exception occurred:

Traceback (most recent call last):
  File "box\box.py", line 503, in box.box.Box.__getitem__
KeyError: 'x_train_path'

The above exception was the direct cause of the following exception:

Traceback (most recent call last):
  File "box\box.py", line 536, in box.box.Box.__getattr__
  File "box\box.py", line 524, in box.box.Box.__getitem__
box.exceptions.BoxKeyError: "'x_train_path'"

During handling of the above exception, another exception occurred:

Traceback (most recent call last):
  File "box\box.py", line 538, in box.box.Box.__getattr__
AttributeError: 'ConfigBox' object has no attribute 'x_train_path'

The above exception was the direct cause of the following exception:

Traceback (most recent call last):
  File "C:\house-rent-prediction-model\main.py", line 39, in <module>
    obj.main()
  File "C:\house-rent-prediction-model\src\House_Rent_Prediction\pipeline\st_4_model_training.py", line 11, in main
    model_training_config = config.get_model_training_config()
  File "C:\house-rent-prediction-model\src\House_Rent_Prediction\config\configuration.py", line 57, in get_model_training_config
    X_train_path = Path(self.config.X_train_path),
  File "box\config_box.py", line 30, in box.config_box.ConfigBox.__getattr__
  File "box\box.py", line 552, in box.box.Box.__getattr__
box.exceptions.BoxKeyError: "'ConfigBox' object has no attribute 'x_train_path'"
[2025-12-13 17:08:35,238 : INFO : main : #### Starting Data Ingestion ####]
[2025-12-13 17:08:35,242 : INFO : common : yaml file: config\config.yaml loaded successfully]
[2025-12-13 17:08:35,245 : INFO : common : yaml file: config\params.yaml loaded successfully]
[2025-12-13 17:08:35,250 : INFO : common : yaml file: schema.yaml loaded successfully]
[2025-12-13 17:08:35,252 : INFO : common : created directory at: artifacts]
[2025-12-13 17:08:35,252 : INFO : common : created directory at: artifacts/data_ingestion]
[2025-12-13 17:08:35,252 : INFO : data_ingestion : Downloading data from https://drive.google.com/file/d/1_OU_E76YpZQGGZpLhQmT8qoqksDNn14p/view?usp=drive_link into file artifacts\data_ingestion\data.zip]
[2025-12-13 17:08:38,689 : INFO : data_ingestion : Downloaded data from https://drive.google.com/file/d/1_OU_E76YpZQGGZpLhQmT8qoqksDNn14p/view?usp=drive_link into file artifacts\data_ingestion\data.zip]
[2025-12-13 17:08:38,697 : INFO : main : #### completed Data Ingestion stage ####]
[2025-12-13 17:08:38,700 : INFO : main : #### Starting Data validation ####]
[2025-12-13 17:08:38,705 : INFO : common : yaml file: config\config.yaml loaded successfully]
[2025-12-13 17:08:38,710 : INFO : common : yaml file: config\params.yaml loaded successfully]
[2025-12-13 17:08:38,714 : INFO : common : yaml file: schema.yaml loaded successfully]
[2025-12-13 17:08:38,714 : INFO : common : created directory at: artifacts]
[2025-12-13 17:08:38,715 : INFO : common : created directory at: artifacts/data_validation]
[2025-12-13 17:08:38,731 : INFO : data_validation : validation completed]
[2025-12-13 17:08:38,737 : INFO : main : #### completed Data validation stage ####]
[2025-12-13 17:08:38,739 : INFO : main : #### Starting Data transformation ####]
[2025-12-13 17:08:38,743 : INFO : common : yaml file: config\config.yaml loaded successfully]
[2025-12-13 17:08:38,748 : INFO : common : yaml file: config\params.yaml loaded successfully]
[2025-12-13 17:08:38,750 : INFO : common : yaml file: schema.yaml loaded successfully]
[2025-12-13 17:08:38,750 : INFO : common : created directory at: artifacts]
[2025-12-13 17:08:38,750 : INFO : common : created directory at: artifacts/data_transformation]
[2025-12-13 17:08:38,772 : INFO : data_transformation : handling duplicates]
[2025-12-13 17:08:38,781 : INFO : data_transformation : dropping columns]
[2025-12-13 17:08:38,784 : INFO : data_transformation : Splitted data into train_set and test-set...]
[2025-12-13 17:08:38,788 : INFO : data_transformation : handling outliers..]
[2025-12-13 17:08:38,798 : INFO : data_transformation : Scaling and encoding...]
[2025-12-13 17:08:38,835 : INFO : data_transformation : preprocessing is done..]
[2025-12-13 17:08:38,835 : INFO : data_transformation : X_train shape : (7594, 11)
 X_test shape: (1911, 11)]
[2025-12-13 17:08:38,837 : INFO : main : #### completed Data transformation stage ####]
[2025-12-13 17:08:38,837 : INFO : main : #### Starting Model Training ####]
[2025-12-13 17:08:38,843 : INFO : common : yaml file: config\config.yaml loaded successfully]
[2025-12-13 17:08:38,846 : INFO : common : yaml file: config\params.yaml loaded successfully]
[2025-12-13 17:08:38,849 : INFO : common : yaml file: schema.yaml loaded successfully]
[2025-12-13 17:08:38,849 : INFO : common : created directory at: artifacts]
[2025-12-13 17:08:38,850 : INFO : common : created directory at: artifacts/model_training]
[2025-12-13 17:08:38,854 : INFO : model_training : Starting Polynomial_regrssor]
[2025-12-13 17:08:38,929 : ERROR : main : Found input variables with inconsistent numbers of samples: [1911, 7594]]
Traceback (most recent call last):
  File "C:\house-rent-prediction-model\main.py", line 39, in <module>
    obj.main()
  File "C:\house-rent-prediction-model\src\House_Rent_Prediction\pipeline\st_4_model_training.py", line 13, in main
    model_training.train_poly()
  File "C:\house-rent-prediction-model\src\House_Rent_Prediction\components\model_training.py", line 32, in train_poly
    lin_reg.fit(poly_fea, self.y_train)
  File "C:\Users\thala\anaconda3\envs\myenv\lib\site-packages\sklearn\base.py", line 1389, in wrapper
    return fit_method(estimator, *args, **kwargs)
  File "C:\Users\thala\anaconda3\envs\myenv\lib\site-packages\sklearn\linear_model\_stochastic_gradient.py", line 1647, in fit
    return self._fit(
  File "C:\Users\thala\anaconda3\envs\myenv\lib\site-packages\sklearn\linear_model\_stochastic_gradient.py", line 1590, in _fit
    self._partial_fit(
  File "C:\Users\thala\anaconda3\envs\myenv\lib\site-packages\sklearn\linear_model\_stochastic_gradient.py", line 1467, in _partial_fit
    X, y = validate_data(
  File "C:\Users\thala\anaconda3\envs\myenv\lib\site-packages\sklearn\utils\validation.py", line 2961, in validate_data
    X, y = check_X_y(X, y, **check_params)
  File "C:\Users\thala\anaconda3\envs\myenv\lib\site-packages\sklearn\utils\validation.py", line 1389, in check_X_y
    check_consistent_length(X, y)
  File "C:\Users\thala\anaconda3\envs\myenv\lib\site-packages\sklearn\utils\validation.py", line 475, in check_consistent_length
    raise ValueError(
ValueError: Found input variables with inconsistent numbers of samples: [1911, 7594]
[2025-12-13 17:10:46,107 : INFO : main : #### Starting Data Ingestion ####]
[2025-12-13 17:10:46,111 : INFO : common : yaml file: config\config.yaml loaded successfully]
[2025-12-13 17:10:46,116 : INFO : common : yaml file: config\params.yaml loaded successfully]
[2025-12-13 17:10:46,118 : INFO : common : yaml file: schema.yaml loaded successfully]
[2025-12-13 17:10:46,125 : INFO : common : created directory at: artifacts]
[2025-12-13 17:10:46,125 : INFO : common : created directory at: artifacts/data_ingestion]
[2025-12-13 17:10:46,125 : INFO : data_ingestion : Downloading data from https://drive.google.com/file/d/1_OU_E76YpZQGGZpLhQmT8qoqksDNn14p/view?usp=drive_link into file artifacts\data_ingestion\data.zip]
[2025-12-13 17:10:49,547 : INFO : data_ingestion : Downloaded data from https://drive.google.com/file/d/1_OU_E76YpZQGGZpLhQmT8qoqksDNn14p/view?usp=drive_link into file artifacts\data_ingestion\data.zip]
[2025-12-13 17:10:49,555 : INFO : main : #### completed Data Ingestion stage ####]
[2025-12-13 17:10:49,557 : INFO : main : #### Starting Data validation ####]
[2025-12-13 17:10:49,562 : INFO : common : yaml file: config\config.yaml loaded successfully]
[2025-12-13 17:10:49,568 : INFO : common : yaml file: config\params.yaml loaded successfully]
[2025-12-13 17:10:49,578 : INFO : common : yaml file: schema.yaml loaded successfully]
[2025-12-13 17:10:49,580 : INFO : common : created directory at: artifacts]
[2025-12-13 17:10:49,580 : INFO : common : created directory at: artifacts/data_validation]
[2025-12-13 17:10:49,612 : INFO : data_validation : validation completed]
[2025-12-13 17:10:49,613 : INFO : main : #### completed Data validation stage ####]
[2025-12-13 17:10:49,613 : INFO : main : #### Starting Data transformation ####]
[2025-12-13 17:10:49,617 : INFO : common : yaml file: config\config.yaml loaded successfully]
[2025-12-13 17:10:49,622 : INFO : common : yaml file: config\params.yaml loaded successfully]
[2025-12-13 17:10:49,622 : INFO : common : yaml file: schema.yaml loaded successfully]
[2025-12-13 17:10:49,626 : INFO : common : created directory at: artifacts]
[2025-12-13 17:10:49,626 : INFO : common : created directory at: artifacts/data_transformation]
[2025-12-13 17:10:49,646 : INFO : data_transformation : handling duplicates]
[2025-12-13 17:10:49,653 : INFO : data_transformation : dropping columns]
[2025-12-13 17:10:49,658 : INFO : data_transformation : Splitted data into train_set and test-set...]
[2025-12-13 17:10:49,661 : INFO : data_transformation : handling outliers..]
[2025-12-13 17:10:49,670 : INFO : data_transformation : Scaling and encoding...]
[2025-12-13 17:10:49,710 : INFO : data_transformation : preprocessing is done..]
[2025-12-13 17:10:49,710 : INFO : data_transformation : X_train shape : (7594, 11)
 X_test shape: (1911, 11)]
[2025-12-13 17:10:49,711 : INFO : main : #### completed Data transformation stage ####]
[2025-12-13 17:10:49,711 : INFO : main : #### Starting Model Training ####]
[2025-12-13 17:10:49,713 : INFO : common : yaml file: config\config.yaml loaded successfully]
[2025-12-13 17:10:49,717 : INFO : common : yaml file: config\params.yaml loaded successfully]
[2025-12-13 17:10:49,720 : INFO : common : yaml file: schema.yaml loaded successfully]
[2025-12-13 17:10:49,722 : INFO : common : created directory at: artifacts]
[2025-12-13 17:10:49,722 : INFO : common : created directory at: artifacts/model_training]
[2025-12-13 17:10:49,724 : INFO : model_training : Starting Polynomial_regrssor]
[2025-12-13 17:10:49,800 : ERROR : main : Found input variables with inconsistent numbers of samples: [1911, 7594]]
Traceback (most recent call last):
  File "C:\house-rent-prediction-model\main.py", line 39, in <module>
    obj.main()
  File "C:\house-rent-prediction-model\src\House_Rent_Prediction\pipeline\st_4_model_training.py", line 13, in main
    model_training.train_poly()
  File "C:\house-rent-prediction-model\src\House_Rent_Prediction\components\model_training.py", line 35, in train_poly
    lin_reg.fit(poly_fea, self.y_train)
  File "C:\Users\thala\anaconda3\envs\myenv\lib\site-packages\sklearn\base.py", line 1389, in wrapper
    return fit_method(estimator, *args, **kwargs)
  File "C:\Users\thala\anaconda3\envs\myenv\lib\site-packages\sklearn\linear_model\_stochastic_gradient.py", line 1647, in fit
    return self._fit(
  File "C:\Users\thala\anaconda3\envs\myenv\lib\site-packages\sklearn\linear_model\_stochastic_gradient.py", line 1590, in _fit
    self._partial_fit(
  File "C:\Users\thala\anaconda3\envs\myenv\lib\site-packages\sklearn\linear_model\_stochastic_gradient.py", line 1467, in _partial_fit
    X, y = validate_data(
  File "C:\Users\thala\anaconda3\envs\myenv\lib\site-packages\sklearn\utils\validation.py", line 2961, in validate_data
    X, y = check_X_y(X, y, **check_params)
  File "C:\Users\thala\anaconda3\envs\myenv\lib\site-packages\sklearn\utils\validation.py", line 1389, in check_X_y
    check_consistent_length(X, y)
  File "C:\Users\thala\anaconda3\envs\myenv\lib\site-packages\sklearn\utils\validation.py", line 475, in check_consistent_length
    raise ValueError(
ValueError: Found input variables with inconsistent numbers of samples: [1911, 7594]
[2025-12-13 17:17:24,208 : INFO : main : #### Starting Data Ingestion ####]
[2025-12-13 17:17:24,211 : INFO : common : yaml file: config\config.yaml loaded successfully]
[2025-12-13 17:17:24,213 : INFO : common : yaml file: config\params.yaml loaded successfully]
[2025-12-13 17:17:24,216 : INFO : common : yaml file: schema.yaml loaded successfully]
[2025-12-13 17:17:24,219 : INFO : common : created directory at: artifacts]
[2025-12-13 17:17:24,220 : INFO : common : created directory at: artifacts/data_ingestion]
[2025-12-13 17:17:24,224 : INFO : data_ingestion : Downloading data from https://drive.google.com/file/d/1_OU_E76YpZQGGZpLhQmT8qoqksDNn14p/view?usp=drive_link into file artifacts\data_ingestion\data.zip]
[2025-12-13 17:17:27,484 : INFO : data_ingestion : Downloaded data from https://drive.google.com/file/d/1_OU_E76YpZQGGZpLhQmT8qoqksDNn14p/view?usp=drive_link into file artifacts\data_ingestion\data.zip]
[2025-12-13 17:17:27,493 : INFO : main : #### completed Data Ingestion stage ####]
[2025-12-13 17:17:27,494 : INFO : main : #### Starting Data validation ####]
[2025-12-13 17:17:27,499 : INFO : common : yaml file: config\config.yaml loaded successfully]
[2025-12-13 17:17:27,504 : INFO : common : yaml file: config\params.yaml loaded successfully]
[2025-12-13 17:17:27,505 : INFO : common : yaml file: schema.yaml loaded successfully]
[2025-12-13 17:17:27,507 : INFO : common : created directory at: artifacts]
[2025-12-13 17:17:27,507 : INFO : common : created directory at: artifacts/data_validation]
[2025-12-13 17:17:27,538 : INFO : data_validation : validation completed]
[2025-12-13 17:17:27,538 : INFO : main : #### completed Data validation stage ####]
[2025-12-13 17:17:27,538 : INFO : main : #### Starting Data transformation ####]
[2025-12-13 17:17:27,547 : INFO : common : yaml file: config\config.yaml loaded successfully]
[2025-12-13 17:17:27,549 : INFO : common : yaml file: config\params.yaml loaded successfully]
[2025-12-13 17:17:27,551 : INFO : common : yaml file: schema.yaml loaded successfully]
[2025-12-13 17:17:27,553 : INFO : common : created directory at: artifacts]
[2025-12-13 17:17:27,553 : INFO : common : created directory at: artifacts/data_transformation]
[2025-12-13 17:17:27,577 : INFO : data_transformation : handling duplicates]
[2025-12-13 17:17:27,581 : INFO : data_transformation : dropping columns]
[2025-12-13 17:17:27,587 : INFO : data_transformation : Splitted data into train_set and test-set...]
[2025-12-13 17:17:27,592 : INFO : data_transformation : handling outliers..]
[2025-12-13 17:17:27,605 : INFO : data_transformation : Scaling and encoding...]
[2025-12-13 17:17:27,650 : INFO : data_transformation : preprocessing is done..]
[2025-12-13 17:17:27,650 : INFO : data_transformation : X_train shape : (7594, 11)
 X_test shape: (1911, 11)]
[2025-12-13 17:17:27,650 : INFO : main : #### completed Data transformation stage ####]
[2025-12-13 17:17:27,650 : INFO : main : #### Starting Model Training ####]
[2025-12-13 17:17:27,655 : INFO : common : yaml file: config\config.yaml loaded successfully]
[2025-12-13 17:17:27,661 : INFO : common : yaml file: config\params.yaml loaded successfully]
[2025-12-13 17:17:27,663 : INFO : common : yaml file: schema.yaml loaded successfully]
[2025-12-13 17:17:27,665 : INFO : common : created directory at: artifacts]
[2025-12-13 17:17:27,666 : INFO : common : created directory at: artifacts/model_training]
[2025-12-13 17:17:27,672 : INFO : model_training : Starting Polynomial_regrssor]
[2025-12-13 17:17:29,161 : INFO : model_training : Trained and dumpted poly_reg successfully]
[2025-12-13 17:17:29,232 : INFO : model_training : Starting Random_forest_regrssor]
[2025-12-13 17:17:33,410 : INFO : model_training : Trained and dumpted Random_forest_regrssor successfully]
[2025-12-13 17:17:33,424 : INFO : model_training : Starting xgboost]
[2025-12-13 17:17:33,811 : INFO : model_training : Trained and dumpted xgboost successfully]
[2025-12-13 17:19:33,559 : INFO : model_training : Trained and mlp successfully]
[2025-12-13 17:19:33,560 : INFO : main : #### completed Model Training ####]
