[2025-12-12 12:33:33,607 : INFO : main : #### Starting Data Ingestion ####]
[2025-12-12 12:33:33,613 : INFO : common : yaml file: config\config.yaml loaded successfully]
[2025-12-12 12:33:33,616 : INFO : common : yaml file: config\params.yaml loaded successfully]
[2025-12-12 12:33:33,621 : INFO : common : yaml file: schema.yaml loaded successfully]
[2025-12-12 12:33:33,622 : INFO : common : created directory at: artifacts]
[2025-12-12 12:33:33,623 : INFO : common : created directory at: artifacts/data_ingestion]
[2025-12-12 12:33:33,624 : INFO : data_ingestion : Downloading data from https://drive.google.com/file/d/1_OU_E76YpZQGGZpLhQmT8qoqksDNn14p/view?usp=drive_link into file artifacts\data_ingestion\data.zip]
[2025-12-12 12:33:36,600 : INFO : data_ingestion : Downloaded data from https://drive.google.com/file/d/1_OU_E76YpZQGGZpLhQmT8qoqksDNn14p/view?usp=drive_link into file artifacts\data_ingestion\data.zip]
[2025-12-12 12:33:36,612 : INFO : main : #### completed Data Ingestion stage ####]
[2025-12-12 12:33:36,612 : INFO : main : #### Starting Data validation ####]
[2025-12-12 12:33:36,618 : INFO : common : yaml file: config\config.yaml loaded successfully]
[2025-12-12 12:33:36,620 : INFO : common : yaml file: config\params.yaml loaded successfully]
[2025-12-12 12:33:36,622 : INFO : common : yaml file: schema.yaml loaded successfully]
[2025-12-12 12:33:36,624 : INFO : common : created directory at: artifacts]
[2025-12-12 12:33:36,626 : INFO : common : created directory at: artifacts/data_validation]
[2025-12-12 12:33:36,698 : INFO : data_validation : validation completed]
[2025-12-12 12:33:36,708 : INFO : main : #### completed Data validation stage ####]
[2025-12-12 12:33:36,716 : INFO : main : #### Starting Data transformation ####]
[2025-12-12 12:33:36,719 : INFO : common : yaml file: config\config.yaml loaded successfully]
[2025-12-12 12:33:36,722 : INFO : common : yaml file: config\params.yaml loaded successfully]
[2025-12-12 12:33:36,725 : INFO : common : yaml file: schema.yaml loaded successfully]
[2025-12-12 12:33:36,726 : INFO : common : created directory at: artifacts]
[2025-12-12 12:33:36,728 : INFO : common : created directory at: artifacts/data_transformation]
[2025-12-12 12:33:36,764 : INFO : data_transformation : dropped duplicates...]
[2025-12-12 12:33:36,771 : INFO : data_transformation : Removed Outliers...]
[2025-12-12 12:33:36,779 : INFO : data_transformation : Encoded categorical variables...]
[2025-12-12 12:33:36,785 : INFO : data_transformation : Splitted data into train and test...]
[2025-12-12 12:33:36,793 : INFO : data_transformation : Applied Standard Scaler...]
[2025-12-12 12:33:36,959 : INFO : data_transformation : Train set shape : (7600, 16)]
[2025-12-12 12:33:36,961 : INFO : data_transformation : Test set shape : (1900, 16)]
[2025-12-12 12:33:36,961 : INFO : main : #### completed Data transformation stage ####]
[2025-12-12 12:33:36,961 : INFO : main : #### Starting Model Training ####]
[2025-12-12 12:33:36,963 : INFO : common : yaml file: config\config.yaml loaded successfully]
[2025-12-12 12:33:36,963 : INFO : common : yaml file: config\params.yaml loaded successfully]
[2025-12-12 12:33:36,963 : INFO : common : yaml file: schema.yaml loaded successfully]
[2025-12-12 12:33:36,967 : INFO : common : created directory at: artifacts]
[2025-12-12 12:33:36,968 : INFO : common : created directory at: artifacts/model_training]
[2025-12-12 12:34:18,879 : INFO : main : #### completed Model Training ####]
[2025-12-12 12:34:18,879 : INFO : main : #### Starting Model Evaluation ####]
[2025-12-12 12:34:18,884 : INFO : common : yaml file: config\config.yaml loaded successfully]
[2025-12-12 12:34:18,884 : INFO : common : yaml file: config\params.yaml loaded successfully]
[2025-12-12 12:34:18,884 : INFO : common : yaml file: schema.yaml loaded successfully]
[2025-12-12 12:34:18,888 : INFO : common : created directory at: artifacts]
[2025-12-12 12:34:18,892 : INFO : common : created directory at: artifacts/model_training]
[2025-12-12 12:34:18,893 : ERROR : main : "'ConfigBox' object has no attribute 'test_data_path'"]
Traceback (most recent call last):
  File "box\box.py", line 503, in box.box.Box.__getitem__
KeyError: 'test_data_path'

The above exception was the direct cause of the following exception:

Traceback (most recent call last):
  File "box\box.py", line 536, in box.box.Box.__getattr__
  File "box\box.py", line 524, in box.box.Box.__getitem__
box.exceptions.BoxKeyError: "'test_data_path'"

During handling of the above exception, another exception occurred:

Traceback (most recent call last):
  File "box\box.py", line 538, in box.box.Box.__getattr__
AttributeError: 'ConfigBox' object has no attribute 'test_data_path'

The above exception was the direct cause of the following exception:

Traceback (most recent call last):
  File "box\config_box.py", line 28, in box.config_box.ConfigBox.__getattr__
  File "box\box.py", line 552, in box.box.Box.__getattr__
box.exceptions.BoxKeyError: "'ConfigBox' object has no attribute 'test_data_path'"

During handling of the above exception, another exception occurred:

Traceback (most recent call last):
  File "box\box.py", line 503, in box.box.Box.__getitem__
KeyError: 'test_data_path'

The above exception was the direct cause of the following exception:

Traceback (most recent call last):
  File "box\box.py", line 536, in box.box.Box.__getattr__
  File "box\box.py", line 524, in box.box.Box.__getitem__
box.exceptions.BoxKeyError: "'test_data_path'"

During handling of the above exception, another exception occurred:

Traceback (most recent call last):
  File "box\box.py", line 538, in box.box.Box.__getattr__
AttributeError: 'ConfigBox' object has no attribute 'test_data_path'

The above exception was the direct cause of the following exception:

Traceback (most recent call last):
  File "C:\house-rent-prediction-model\main.py", line 48, in <module>
    obj.main()
  File "C:\house-rent-prediction-model\src\House_Rent_Prediction\pipeline\st_5_model_evaluation.py", line 11, in main
    model_eval_config = config.get_model_evaluation_config()
  File "C:\house-rent-prediction-model\src\House_Rent_Prediction\config\configuration.py", line 68, in get_model_evaluation_config
    test_data_path = Path(config.test_data_path),
  File "box\config_box.py", line 30, in box.config_box.ConfigBox.__getattr__
  File "box\box.py", line 552, in box.box.Box.__getattr__
box.exceptions.BoxKeyError: "'ConfigBox' object has no attribute 'test_data_path'"
[2025-12-12 12:44:55,709 : INFO : main : #### Starting Data Ingestion ####]
[2025-12-12 12:44:55,713 : INFO : common : yaml file: config\config.yaml loaded successfully]
[2025-12-12 12:44:55,713 : INFO : common : yaml file: config\params.yaml loaded successfully]
[2025-12-12 12:44:55,717 : INFO : common : yaml file: schema.yaml loaded successfully]
[2025-12-12 12:44:55,717 : INFO : common : created directory at: artifacts]
[2025-12-12 12:44:55,719 : INFO : common : created directory at: artifacts/data_ingestion]
[2025-12-12 12:44:55,719 : INFO : data_ingestion : Downloading data from https://drive.google.com/file/d/1_OU_E76YpZQGGZpLhQmT8qoqksDNn14p/view?usp=drive_link into file artifacts\data_ingestion\data.zip]
[2025-12-12 12:44:58,838 : INFO : data_ingestion : Downloaded data from https://drive.google.com/file/d/1_OU_E76YpZQGGZpLhQmT8qoqksDNn14p/view?usp=drive_link into file artifacts\data_ingestion\data.zip]
[2025-12-12 12:44:58,848 : INFO : main : #### completed Data Ingestion stage ####]
[2025-12-12 12:44:58,856 : INFO : main : #### Starting Data validation ####]
[2025-12-12 12:44:58,858 : INFO : common : yaml file: config\config.yaml loaded successfully]
[2025-12-12 12:44:58,858 : INFO : common : yaml file: config\params.yaml loaded successfully]
[2025-12-12 12:44:58,861 : INFO : common : yaml file: schema.yaml loaded successfully]
[2025-12-12 12:44:58,864 : INFO : common : created directory at: artifacts]
[2025-12-12 12:44:58,865 : INFO : common : created directory at: artifacts/data_validation]
[2025-12-12 12:44:58,889 : INFO : data_validation : validation completed]
[2025-12-12 12:44:58,892 : INFO : main : #### completed Data validation stage ####]
[2025-12-12 12:44:58,892 : INFO : main : #### Starting Data transformation ####]
[2025-12-12 12:44:58,895 : INFO : common : yaml file: config\config.yaml loaded successfully]
[2025-12-12 12:44:58,895 : INFO : common : yaml file: config\params.yaml loaded successfully]
[2025-12-12 12:44:58,895 : INFO : common : yaml file: schema.yaml loaded successfully]
[2025-12-12 12:44:58,895 : INFO : common : created directory at: artifacts]
[2025-12-12 12:44:58,895 : INFO : common : created directory at: artifacts/data_transformation]
[2025-12-12 12:44:58,939 : INFO : data_transformation : dropped duplicates...]
[2025-12-12 12:44:58,945 : INFO : data_transformation : Removed Outliers...]
[2025-12-12 12:44:58,947 : INFO : data_transformation : Encoded categorical variables...]
[2025-12-12 12:44:58,956 : INFO : data_transformation : Splitted data into train and test...]
[2025-12-12 12:44:58,963 : INFO : data_transformation : Applied Standard Scaler...]
[2025-12-12 12:44:59,133 : INFO : data_transformation : Train set shape : (7600, 16)]
[2025-12-12 12:44:59,133 : INFO : data_transformation : Test set shape : (1900, 16)]
[2025-12-12 12:44:59,136 : INFO : main : #### completed Data transformation stage ####]
[2025-12-12 12:44:59,137 : INFO : main : #### Starting Model Training ####]
[2025-12-12 12:44:59,140 : INFO : common : yaml file: config\config.yaml loaded successfully]
[2025-12-12 12:44:59,142 : INFO : common : yaml file: config\params.yaml loaded successfully]
[2025-12-12 12:44:59,145 : INFO : common : yaml file: schema.yaml loaded successfully]
[2025-12-12 12:44:59,145 : INFO : common : created directory at: artifacts]
[2025-12-12 12:44:59,148 : INFO : common : created directory at: artifacts/model_training]
[2025-12-12 12:45:47,213 : INFO : main : #### completed Model Training ####]
[2025-12-12 12:45:47,213 : INFO : main : #### Starting Model Evaluation ####]
[2025-12-12 12:45:47,217 : INFO : common : yaml file: config\config.yaml loaded successfully]
[2025-12-12 12:45:47,217 : INFO : common : yaml file: config\params.yaml loaded successfully]
[2025-12-12 12:45:47,220 : INFO : common : yaml file: schema.yaml loaded successfully]
[2025-12-12 12:45:47,220 : INFO : common : created directory at: artifacts]
[2025-12-12 12:45:47,221 : INFO : common : created directory at: artifacts/model_evaluation]
[2025-12-12 12:45:47,221 : ERROR : main : __init__() got an unexpected keyword argument 'all_params']
Traceback (most recent call last):
  File "C:\house-rent-prediction-model\main.py", line 48, in <module>
    obj.main()
  File "C:\house-rent-prediction-model\src\House_Rent_Prediction\pipeline\st_5_model_evaluation.py", line 11, in main
    model_eval_config = config.get_model_evaluation_config()
  File "C:\house-rent-prediction-model\src\House_Rent_Prediction\config\configuration.py", line 66, in get_model_evaluation_config
    return ModelEvaluationConfig(
TypeError: __init__() got an unexpected keyword argument 'all_params'
[2025-12-12 12:52:30,669 : INFO : main : #### Starting Data Ingestion ####]
[2025-12-12 12:52:30,671 : INFO : common : yaml file: config\config.yaml loaded successfully]
[2025-12-12 12:52:30,674 : INFO : common : yaml file: config\params.yaml loaded successfully]
[2025-12-12 12:52:30,680 : INFO : common : yaml file: schema.yaml loaded successfully]
[2025-12-12 12:52:30,680 : INFO : common : created directory at: artifacts]
[2025-12-12 12:52:30,682 : INFO : common : created directory at: artifacts/data_ingestion]
[2025-12-12 12:52:30,682 : INFO : data_ingestion : Downloading data from https://drive.google.com/file/d/1_OU_E76YpZQGGZpLhQmT8qoqksDNn14p/view?usp=drive_link into file artifacts\data_ingestion\data.zip]
[2025-12-12 12:52:33,931 : INFO : data_ingestion : Downloaded data from https://drive.google.com/file/d/1_OU_E76YpZQGGZpLhQmT8qoqksDNn14p/view?usp=drive_link into file artifacts\data_ingestion\data.zip]
[2025-12-12 12:52:33,943 : INFO : main : #### completed Data Ingestion stage ####]
[2025-12-12 12:52:33,943 : INFO : main : #### Starting Data validation ####]
[2025-12-12 12:52:33,947 : INFO : common : yaml file: config\config.yaml loaded successfully]
[2025-12-12 12:52:33,947 : INFO : common : yaml file: config\params.yaml loaded successfully]
[2025-12-12 12:52:33,953 : INFO : common : yaml file: schema.yaml loaded successfully]
[2025-12-12 12:52:33,955 : INFO : common : created directory at: artifacts]
[2025-12-12 12:52:33,957 : INFO : common : created directory at: artifacts/data_validation]
[2025-12-12 12:52:33,994 : INFO : data_validation : validation completed]
[2025-12-12 12:52:33,994 : INFO : main : #### completed Data validation stage ####]
[2025-12-12 12:52:33,997 : INFO : main : #### Starting Data transformation ####]
[2025-12-12 12:52:34,000 : INFO : common : yaml file: config\config.yaml loaded successfully]
[2025-12-12 12:52:34,000 : INFO : common : yaml file: config\params.yaml loaded successfully]
[2025-12-12 12:52:34,006 : INFO : common : yaml file: schema.yaml loaded successfully]
[2025-12-12 12:52:34,008 : INFO : common : created directory at: artifacts]
[2025-12-12 12:52:34,010 : INFO : common : created directory at: artifacts/data_transformation]
[2025-12-12 12:52:34,043 : INFO : data_transformation : dropped duplicates...]
[2025-12-12 12:52:34,051 : INFO : data_transformation : Removed Outliers...]
[2025-12-12 12:52:34,061 : INFO : data_transformation : Encoded categorical variables...]
[2025-12-12 12:52:34,067 : INFO : data_transformation : Splitted data into train and test...]
[2025-12-12 12:52:34,079 : INFO : data_transformation : Applied Standard Scaler...]
[2025-12-12 12:52:34,324 : INFO : data_transformation : Train set shape : (7600, 16)]
[2025-12-12 12:52:34,324 : INFO : data_transformation : Test set shape : (1900, 16)]
[2025-12-12 12:52:34,324 : INFO : main : #### completed Data transformation stage ####]
[2025-12-12 12:52:34,324 : INFO : main : #### Starting Model Training ####]
[2025-12-12 12:52:34,329 : INFO : common : yaml file: config\config.yaml loaded successfully]
[2025-12-12 12:52:34,329 : INFO : common : yaml file: config\params.yaml loaded successfully]
[2025-12-12 12:52:34,331 : INFO : common : yaml file: schema.yaml loaded successfully]
[2025-12-12 12:52:34,331 : INFO : common : created directory at: artifacts]
[2025-12-12 12:52:34,334 : INFO : common : created directory at: artifacts/model_training]
[2025-12-12 12:53:15,943 : INFO : main : #### completed Model Training ####]
[2025-12-12 12:53:15,943 : INFO : main : #### Starting Model Evaluation ####]
[2025-12-12 12:53:15,947 : INFO : common : yaml file: config\config.yaml loaded successfully]
[2025-12-12 12:53:15,948 : INFO : common : yaml file: config\params.yaml loaded successfully]
[2025-12-12 12:53:15,948 : INFO : common : yaml file: schema.yaml loaded successfully]
[2025-12-12 12:53:15,948 : INFO : common : created directory at: artifacts]
[2025-12-12 12:53:15,948 : INFO : common : created directory at: artifacts/model_evaluation]
[2025-12-12 12:53:15,948 : ERROR : main : __init__() got an unexpected keyword argument 'all_params']
Traceback (most recent call last):
  File "C:\house-rent-prediction-model\main.py", line 48, in <module>
    obj.main()
  File "C:\house-rent-prediction-model\src\House_Rent_Prediction\pipeline\st_5_model_evaluation.py", line 11, in main
    model_eval_config = config.get_model_evaluation_config()
  File "C:\house-rent-prediction-model\src\House_Rent_Prediction\config\configuration.py", line 66, in get_model_evaluation_config
    return ModelEvaluationConfig(
TypeError: __init__() got an unexpected keyword argument 'all_params'
[2025-12-12 12:56:48,871 : INFO : main : #### Starting Data Ingestion ####]
[2025-12-12 12:56:48,873 : INFO : common : yaml file: config\config.yaml loaded successfully]
[2025-12-12 12:56:48,875 : INFO : common : yaml file: config\params.yaml loaded successfully]
[2025-12-12 12:56:48,879 : INFO : common : yaml file: schema.yaml loaded successfully]
[2025-12-12 12:56:48,880 : INFO : common : created directory at: artifacts]
[2025-12-12 12:56:48,881 : INFO : common : created directory at: artifacts/data_ingestion]
[2025-12-12 12:56:48,882 : INFO : data_ingestion : Downloading data from https://drive.google.com/file/d/1_OU_E76YpZQGGZpLhQmT8qoqksDNn14p/view?usp=drive_link into file artifacts\data_ingestion\data.zip]
[2025-12-12 12:56:52,028 : INFO : data_ingestion : Downloaded data from https://drive.google.com/file/d/1_OU_E76YpZQGGZpLhQmT8qoqksDNn14p/view?usp=drive_link into file artifacts\data_ingestion\data.zip]
[2025-12-12 12:56:52,036 : INFO : main : #### completed Data Ingestion stage ####]
[2025-12-12 12:56:52,039 : INFO : main : #### Starting Data validation ####]
[2025-12-12 12:56:52,049 : INFO : common : yaml file: config\config.yaml loaded successfully]
[2025-12-12 12:56:52,051 : INFO : common : yaml file: config\params.yaml loaded successfully]
[2025-12-12 12:56:52,054 : INFO : common : yaml file: schema.yaml loaded successfully]
[2025-12-12 12:56:52,054 : INFO : common : created directory at: artifacts]
[2025-12-12 12:56:52,056 : INFO : common : created directory at: artifacts/data_validation]
[2025-12-12 12:56:52,083 : INFO : data_validation : validation completed]
[2025-12-12 12:56:52,084 : INFO : main : #### completed Data validation stage ####]
[2025-12-12 12:56:52,085 : INFO : main : #### Starting Data transformation ####]
[2025-12-12 12:56:52,089 : INFO : common : yaml file: config\config.yaml loaded successfully]
[2025-12-12 12:56:52,091 : INFO : common : yaml file: config\params.yaml loaded successfully]
[2025-12-12 12:56:52,095 : INFO : common : yaml file: schema.yaml loaded successfully]
[2025-12-12 12:56:52,097 : INFO : common : created directory at: artifacts]
[2025-12-12 12:56:52,101 : INFO : common : created directory at: artifacts/data_transformation]
[2025-12-12 12:56:52,133 : INFO : data_transformation : dropped duplicates...]
[2025-12-12 12:56:52,141 : INFO : data_transformation : Removed Outliers...]
[2025-12-12 12:56:52,150 : INFO : data_transformation : Encoded categorical variables...]
[2025-12-12 12:56:52,155 : INFO : data_transformation : Splitted data into train and test...]
[2025-12-12 12:56:52,167 : INFO : data_transformation : Applied Standard Scaler...]
[2025-12-12 12:56:52,350 : INFO : data_transformation : Train set shape : (7600, 16)]
[2025-12-12 12:56:52,350 : INFO : data_transformation : Test set shape : (1900, 16)]
[2025-12-12 12:56:52,351 : INFO : main : #### completed Data transformation stage ####]
[2025-12-12 12:56:52,351 : INFO : main : #### Starting Model Training ####]
[2025-12-12 12:56:52,351 : INFO : common : yaml file: config\config.yaml loaded successfully]
[2025-12-12 12:56:52,355 : INFO : common : yaml file: config\params.yaml loaded successfully]
[2025-12-12 12:56:52,358 : INFO : common : yaml file: schema.yaml loaded successfully]
[2025-12-12 12:56:52,360 : INFO : common : created directory at: artifacts]
[2025-12-12 12:56:52,363 : INFO : common : created directory at: artifacts/model_training]
[2025-12-12 12:57:33,331 : INFO : main : #### completed Model Training ####]
[2025-12-12 12:57:33,331 : INFO : main : #### Starting Model Evaluation ####]
[2025-12-12 12:57:33,335 : INFO : common : yaml file: config\config.yaml loaded successfully]
[2025-12-12 12:57:33,335 : INFO : common : yaml file: config\params.yaml loaded successfully]
[2025-12-12 12:57:33,337 : INFO : common : yaml file: schema.yaml loaded successfully]
[2025-12-12 12:57:33,337 : INFO : common : created directory at: artifacts]
[2025-12-12 12:57:33,337 : INFO : common : created directory at: artifacts/model_evaluation]
[2025-12-12 12:57:33,352 : ERROR : main : 'ParseResult' object has no attribute 'schema']
Traceback (most recent call last):
  File "C:\house-rent-prediction-model\main.py", line 48, in <module>
    obj.main()
  File "C:\house-rent-prediction-model\src\House_Rent_Prediction\pipeline\st_5_model_evaluation.py", line 13, in main
    model_eval.log_into_mlflow()
  File "C:\house-rent-prediction-model\src\House_Rent_Prediction\components\model_evaluation.py", line 31, in log_into_mlflow
    tracking_uri_type = urlparse(mlflow.get_tracking_uri()).schema
AttributeError: 'ParseResult' object has no attribute 'schema'
[2025-12-12 12:59:35,719 : INFO : main : #### Starting Data Ingestion ####]
[2025-12-12 12:59:35,721 : INFO : common : yaml file: config\config.yaml loaded successfully]
[2025-12-12 12:59:35,723 : INFO : common : yaml file: config\params.yaml loaded successfully]
[2025-12-12 12:59:35,723 : INFO : common : yaml file: schema.yaml loaded successfully]
[2025-12-12 12:59:35,723 : INFO : common : created directory at: artifacts]
[2025-12-12 12:59:35,726 : INFO : common : created directory at: artifacts/data_ingestion]
[2025-12-12 12:59:35,726 : INFO : data_ingestion : Downloading data from https://drive.google.com/file/d/1_OU_E76YpZQGGZpLhQmT8qoqksDNn14p/view?usp=drive_link into file artifacts\data_ingestion\data.zip]
[2025-12-12 12:59:39,080 : INFO : data_ingestion : Downloaded data from https://drive.google.com/file/d/1_OU_E76YpZQGGZpLhQmT8qoqksDNn14p/view?usp=drive_link into file artifacts\data_ingestion\data.zip]
[2025-12-12 12:59:39,095 : INFO : main : #### completed Data Ingestion stage ####]
[2025-12-12 12:59:39,095 : INFO : main : #### Starting Data validation ####]
[2025-12-12 12:59:39,248 : INFO : common : yaml file: config\config.yaml loaded successfully]
[2025-12-12 12:59:39,328 : INFO : common : yaml file: config\params.yaml loaded successfully]
[2025-12-12 12:59:39,332 : INFO : common : yaml file: schema.yaml loaded successfully]
[2025-12-12 12:59:39,332 : INFO : common : created directory at: artifacts]
[2025-12-12 12:59:39,332 : INFO : common : created directory at: artifacts/data_validation]
[2025-12-12 12:59:39,494 : INFO : data_validation : validation completed]
[2025-12-12 12:59:39,496 : INFO : main : #### completed Data validation stage ####]
[2025-12-12 12:59:39,496 : INFO : main : #### Starting Data transformation ####]
[2025-12-12 12:59:39,499 : INFO : common : yaml file: config\config.yaml loaded successfully]
[2025-12-12 12:59:39,499 : INFO : common : yaml file: config\params.yaml loaded successfully]
[2025-12-12 12:59:39,506 : INFO : common : yaml file: schema.yaml loaded successfully]
[2025-12-12 12:59:39,506 : INFO : common : created directory at: artifacts]
[2025-12-12 12:59:39,506 : INFO : common : created directory at: artifacts/data_transformation]
[2025-12-12 12:59:39,552 : INFO : data_transformation : dropped duplicates...]
[2025-12-12 12:59:39,563 : INFO : data_transformation : Removed Outliers...]
[2025-12-12 12:59:39,576 : INFO : data_transformation : Encoded categorical variables...]
[2025-12-12 12:59:39,582 : INFO : data_transformation : Splitted data into train and test...]
[2025-12-12 12:59:39,598 : INFO : data_transformation : Applied Standard Scaler...]
[2025-12-12 12:59:39,955 : INFO : data_transformation : Train set shape : (7600, 16)]
[2025-12-12 12:59:39,955 : INFO : data_transformation : Test set shape : (1900, 16)]
[2025-12-12 12:59:39,955 : INFO : main : #### completed Data transformation stage ####]
[2025-12-12 12:59:39,955 : INFO : main : #### Starting Model Training ####]
[2025-12-12 12:59:39,963 : INFO : common : yaml file: config\config.yaml loaded successfully]
[2025-12-12 12:59:39,967 : INFO : common : yaml file: config\params.yaml loaded successfully]
[2025-12-12 12:59:39,969 : INFO : common : yaml file: schema.yaml loaded successfully]
[2025-12-12 12:59:39,971 : INFO : common : created directory at: artifacts]
[2025-12-12 12:59:39,974 : INFO : common : created directory at: artifacts/model_training]
[2025-12-12 13:00:34,669 : INFO : main : #### completed Model Training ####]
[2025-12-12 13:00:34,669 : INFO : main : #### Starting Model Evaluation ####]
[2025-12-12 13:00:34,671 : INFO : common : yaml file: config\config.yaml loaded successfully]
[2025-12-12 13:00:34,673 : INFO : common : yaml file: config\params.yaml loaded successfully]
[2025-12-12 13:00:34,673 : INFO : common : yaml file: schema.yaml loaded successfully]
[2025-12-12 13:00:34,673 : INFO : common : created directory at: artifacts]
[2025-12-12 13:00:34,673 : INFO : common : created directory at: artifacts/model_evaluation]
[2025-12-12 13:00:37,155 : WARNING : connectionpool : Retrying (Retry(total=4, connect=4, read=5, redirect=5, status=5)) after connection broken by 'NewConnectionError('<urllib3.connection.HTTPConnection object at 0x00000200E415B670>: Failed to establish a new connection: [WinError 10061] No connection could be made because the target machine actively refused it')': /api/2.0/mlflow/runs/create]
[2025-12-12 13:00:43,189 : WARNING : connectionpool : Retrying (Retry(total=3, connect=3, read=5, redirect=5, status=5)) after connection broken by 'NewConnectionError('<urllib3.connection.HTTPConnection object at 0x00000200E415BA00>: Failed to establish a new connection: [WinError 10061] No connection could be made because the target machine actively refused it')': /api/2.0/mlflow/runs/create]
[2025-12-12 13:00:53,238 : WARNING : connectionpool : Retrying (Retry(total=2, connect=2, read=5, redirect=5, status=5)) after connection broken by 'NewConnectionError('<urllib3.connection.HTTPConnection object at 0x00000200E415B910>: Failed to establish a new connection: [WinError 10061] No connection could be made because the target machine actively refused it')': /api/2.0/mlflow/runs/create]
[2025-12-12 13:01:11,279 : WARNING : connectionpool : Retrying (Retry(total=1, connect=1, read=5, redirect=5, status=5)) after connection broken by 'NewConnectionError('<urllib3.connection.HTTPConnection object at 0x00000200E415B790>: Failed to establish a new connection: [WinError 10061] No connection could be made because the target machine actively refused it')': /api/2.0/mlflow/runs/create]
[2025-12-12 13:01:45,318 : WARNING : connectionpool : Retrying (Retry(total=0, connect=0, read=5, redirect=5, status=5)) after connection broken by 'NewConnectionError('<urllib3.connection.HTTPConnection object at 0x00000200E415BC10>: Failed to establish a new connection: [WinError 10061] No connection could be made because the target machine actively refused it')': /api/2.0/mlflow/runs/create]
[2025-12-12 13:01:47,371 : ERROR : main : API request to http://127.0.0.1:5000/api/2.0/mlflow/runs/create failed with exception HTTPConnectionPool(host='127.0.0.1', port=5000): Max retries exceeded with url: /api/2.0/mlflow/runs/create (Caused by NewConnectionError('<urllib3.connection.HTTPConnection object at 0x00000200E415BE20>: Failed to establish a new connection: [WinError 10061] No connection could be made because the target machine actively refused it'))]
Traceback (most recent call last):
  File "C:\Users\thala\anaconda3\envs\myenv\lib\site-packages\urllib3\connection.py", line 198, in _new_conn
    sock = connection.create_connection(
  File "C:\Users\thala\anaconda3\envs\myenv\lib\site-packages\urllib3\util\connection.py", line 85, in create_connection
    raise err
  File "C:\Users\thala\anaconda3\envs\myenv\lib\site-packages\urllib3\util\connection.py", line 73, in create_connection
    sock.connect(sa)
ConnectionRefusedError: [WinError 10061] No connection could be made because the target machine actively refused it

The above exception was the direct cause of the following exception:

Traceback (most recent call last):
  File "C:\Users\thala\anaconda3\envs\myenv\lib\site-packages\urllib3\connectionpool.py", line 787, in urlopen
    response = self._make_request(
  File "C:\Users\thala\anaconda3\envs\myenv\lib\site-packages\urllib3\connectionpool.py", line 493, in _make_request
    conn.request(
  File "C:\Users\thala\anaconda3\envs\myenv\lib\site-packages\urllib3\connection.py", line 494, in request
    self.endheaders()
  File "C:\Users\thala\anaconda3\envs\myenv\lib\http\client.py", line 1280, in endheaders
    self._send_output(message_body, encode_chunked=encode_chunked)
  File "C:\Users\thala\anaconda3\envs\myenv\lib\http\client.py", line 1040, in _send_output
    self.send(msg)
  File "C:\Users\thala\anaconda3\envs\myenv\lib\http\client.py", line 980, in send
    self.connect()
  File "C:\Users\thala\anaconda3\envs\myenv\lib\site-packages\urllib3\connection.py", line 325, in connect
    self.sock = self._new_conn()
  File "C:\Users\thala\anaconda3\envs\myenv\lib\site-packages\urllib3\connection.py", line 213, in _new_conn
    raise NewConnectionError(
urllib3.exceptions.NewConnectionError: <urllib3.connection.HTTPConnection object at 0x00000200E415BE20>: Failed to establish a new connection: [WinError 10061] No connection could be made because the target machine actively refused it

The above exception was the direct cause of the following exception:

Traceback (most recent call last):
  File "C:\Users\thala\anaconda3\envs\myenv\lib\site-packages\requests\adapters.py", line 644, in send
    resp = conn.urlopen(
  File "C:\Users\thala\anaconda3\envs\myenv\lib\site-packages\urllib3\connectionpool.py", line 871, in urlopen
    return self.urlopen(
  File "C:\Users\thala\anaconda3\envs\myenv\lib\site-packages\urllib3\connectionpool.py", line 871, in urlopen
    return self.urlopen(
  File "C:\Users\thala\anaconda3\envs\myenv\lib\site-packages\urllib3\connectionpool.py", line 871, in urlopen
    return self.urlopen(
  [Previous line repeated 2 more times]
  File "C:\Users\thala\anaconda3\envs\myenv\lib\site-packages\urllib3\connectionpool.py", line 841, in urlopen
    retries = retries.increment(
  File "C:\Users\thala\anaconda3\envs\myenv\lib\site-packages\urllib3\util\retry.py", line 519, in increment
    raise MaxRetryError(_pool, url, reason) from reason  # type: ignore[arg-type]
urllib3.exceptions.MaxRetryError: HTTPConnectionPool(host='127.0.0.1', port=5000): Max retries exceeded with url: /api/2.0/mlflow/runs/create (Caused by NewConnectionError('<urllib3.connection.HTTPConnection object at 0x00000200E415BE20>: Failed to establish a new connection: [WinError 10061] No connection could be made because the target machine actively refused it'))

During handling of the above exception, another exception occurred:

Traceback (most recent call last):
  File "C:\Users\thala\anaconda3\envs\myenv\lib\site-packages\mlflow\utils\rest_utils.py", line 167, in http_request
    return _get_http_response_with_retries(
  File "C:\Users\thala\anaconda3\envs\myenv\lib\site-packages\mlflow\utils\rest_utils.py", line 98, in _get_http_response_with_retries
    return session.request(method, url, **kwargs)
  File "C:\Users\thala\anaconda3\envs\myenv\lib\site-packages\requests\sessions.py", line 589, in request
    resp = self.send(prep, **send_kwargs)
  File "C:\Users\thala\anaconda3\envs\myenv\lib\site-packages\requests\sessions.py", line 703, in send
    r = adapter.send(request, **kwargs)
  File "C:\Users\thala\anaconda3\envs\myenv\lib\site-packages\requests\adapters.py", line 677, in send
    raise ConnectionError(e, request=request)
requests.exceptions.ConnectionError: HTTPConnectionPool(host='127.0.0.1', port=5000): Max retries exceeded with url: /api/2.0/mlflow/runs/create (Caused by NewConnectionError('<urllib3.connection.HTTPConnection object at 0x00000200E415BE20>: Failed to establish a new connection: [WinError 10061] No connection could be made because the target machine actively refused it'))

During handling of the above exception, another exception occurred:

Traceback (most recent call last):
  File "C:\house-rent-prediction-model\main.py", line 48, in <module>
    obj.main()
  File "C:\house-rent-prediction-model\src\House_Rent_Prediction\pipeline\st_5_model_evaluation.py", line 13, in main
    model_eval.log_into_mlflow()
  File "C:\house-rent-prediction-model\src\House_Rent_Prediction\components\model_evaluation.py", line 34, in log_into_mlflow
    with mlflow.start_run():
  File "C:\Users\thala\anaconda3\envs\myenv\lib\site-packages\mlflow\tracking\fluent.py", line 350, in start_run
    active_run_obj = client.create_run(
  File "C:\Users\thala\anaconda3\envs\myenv\lib\site-packages\mlflow\tracking\client.py", line 275, in create_run
    return self._tracking_client.create_run(experiment_id, start_time, tags, run_name)
  File "C:\Users\thala\anaconda3\envs\myenv\lib\site-packages\mlflow\tracking\_tracking_service\client.py", line 131, in create_run
    return self.store.create_run(
  File "C:\Users\thala\anaconda3\envs\myenv\lib\site-packages\mlflow\store\tracking\rest_store.py", line 175, in create_run
    response_proto = self._call_endpoint(CreateRun, req_body)
  File "C:\Users\thala\anaconda3\envs\myenv\lib\site-packages\mlflow\store\tracking\rest_store.py", line 56, in _call_endpoint
    return call_endpoint(self.get_host_creds(), endpoint, method, json_body, response_proto)
  File "C:\Users\thala\anaconda3\envs\myenv\lib\site-packages\mlflow\utils\rest_utils.py", line 278, in call_endpoint
    response = http_request(
  File "C:\Users\thala\anaconda3\envs\myenv\lib\site-packages\mlflow\utils\rest_utils.py", line 185, in http_request
    raise MlflowException(f"API request to {url} failed with exception {e}")
mlflow.exceptions.MlflowException: API request to http://127.0.0.1:5000/api/2.0/mlflow/runs/create failed with exception HTTPConnectionPool(host='127.0.0.1', port=5000): Max retries exceeded with url: /api/2.0/mlflow/runs/create (Caused by NewConnectionError('<urllib3.connection.HTTPConnection object at 0x00000200E415BE20>: Failed to establish a new connection: [WinError 10061] No connection could be made because the target machine actively refused it'))
[2025-12-12 13:02:39,782 : INFO : main : #### Starting Data Ingestion ####]
[2025-12-12 13:02:39,790 : INFO : common : yaml file: config\config.yaml loaded successfully]
[2025-12-12 13:02:39,790 : INFO : common : yaml file: config\params.yaml loaded successfully]
[2025-12-12 13:02:39,793 : INFO : common : yaml file: schema.yaml loaded successfully]
[2025-12-12 13:02:39,793 : INFO : common : created directory at: artifacts]
[2025-12-12 13:02:39,793 : INFO : common : created directory at: artifacts/data_ingestion]
[2025-12-12 13:02:39,793 : INFO : data_ingestion : Downloading data from https://drive.google.com/file/d/1_OU_E76YpZQGGZpLhQmT8qoqksDNn14p/view?usp=drive_link into file artifacts\data_ingestion\data.zip]
[2025-12-12 13:02:43,406 : INFO : data_ingestion : Downloaded data from https://drive.google.com/file/d/1_OU_E76YpZQGGZpLhQmT8qoqksDNn14p/view?usp=drive_link into file artifacts\data_ingestion\data.zip]
[2025-12-12 13:02:43,415 : INFO : main : #### completed Data Ingestion stage ####]
[2025-12-12 13:02:43,416 : INFO : main : #### Starting Data validation ####]
[2025-12-12 13:02:43,419 : INFO : common : yaml file: config\config.yaml loaded successfully]
[2025-12-12 13:02:43,419 : INFO : common : yaml file: config\params.yaml loaded successfully]
[2025-12-12 13:02:43,423 : INFO : common : yaml file: schema.yaml loaded successfully]
[2025-12-12 13:02:43,425 : INFO : common : created directory at: artifacts]
[2025-12-12 13:02:43,425 : INFO : common : created directory at: artifacts/data_validation]
[2025-12-12 13:02:43,448 : INFO : data_validation : validation completed]
[2025-12-12 13:02:43,448 : INFO : main : #### completed Data validation stage ####]
[2025-12-12 13:02:43,448 : INFO : main : #### Starting Data transformation ####]
[2025-12-12 13:02:43,452 : INFO : common : yaml file: config\config.yaml loaded successfully]
[2025-12-12 13:02:43,455 : INFO : common : yaml file: config\params.yaml loaded successfully]
[2025-12-12 13:02:43,458 : INFO : common : yaml file: schema.yaml loaded successfully]
[2025-12-12 13:02:43,458 : INFO : common : created directory at: artifacts]
[2025-12-12 13:02:43,458 : INFO : common : created directory at: artifacts/data_transformation]
[2025-12-12 13:02:43,490 : INFO : data_transformation : dropped duplicates...]
[2025-12-12 13:02:43,497 : INFO : data_transformation : Removed Outliers...]
[2025-12-12 13:02:43,506 : INFO : data_transformation : Encoded categorical variables...]
[2025-12-12 13:02:43,511 : INFO : data_transformation : Splitted data into train and test...]
[2025-12-12 13:02:43,519 : INFO : data_transformation : Applied Standard Scaler...]
[2025-12-12 13:02:43,731 : INFO : data_transformation : Train set shape : (7600, 16)]
[2025-12-12 13:02:43,732 : INFO : data_transformation : Test set shape : (1900, 16)]
[2025-12-12 13:02:43,732 : INFO : main : #### completed Data transformation stage ####]
[2025-12-12 13:02:43,732 : INFO : main : #### Starting Model Training ####]
[2025-12-12 13:02:43,734 : INFO : common : yaml file: config\config.yaml loaded successfully]
[2025-12-12 13:02:43,736 : INFO : common : yaml file: config\params.yaml loaded successfully]
[2025-12-12 13:02:43,736 : INFO : common : yaml file: schema.yaml loaded successfully]
[2025-12-12 13:02:43,739 : INFO : common : created directory at: artifacts]
[2025-12-12 13:02:43,740 : INFO : common : created directory at: artifacts/model_training]
[2025-12-12 13:03:21,162 : INFO : main : #### completed Model Training ####]
[2025-12-12 13:03:21,162 : INFO : main : #### Starting Model Evaluation ####]
[2025-12-12 13:03:21,165 : INFO : common : yaml file: config\config.yaml loaded successfully]
[2025-12-12 13:03:21,167 : INFO : common : yaml file: config\params.yaml loaded successfully]
[2025-12-12 13:03:21,169 : INFO : common : yaml file: schema.yaml loaded successfully]
[2025-12-12 13:03:21,171 : INFO : common : created directory at: artifacts]
[2025-12-12 13:03:21,171 : INFO : common : created directory at: artifacts/model_evaluation]
[2025-12-12 13:03:23,430 : WARNING : connectionpool : Retrying (Retry(total=4, connect=4, read=5, redirect=5, status=5)) after connection broken by 'NewConnectionError('<urllib3.connection.HTTPConnection object at 0x0000027B48007130>: Failed to establish a new connection: [WinError 10061] No connection could be made because the target machine actively refused it')': /api/2.0/mlflow/runs/create]
[2025-12-12 13:03:29,467 : WARNING : connectionpool : Retrying (Retry(total=3, connect=3, read=5, redirect=5, status=5)) after connection broken by 'NewConnectionError('<urllib3.connection.HTTPConnection object at 0x0000027B480074C0>: Failed to establish a new connection: [WinError 10061] No connection could be made because the target machine actively refused it')': /api/2.0/mlflow/runs/create]
[2025-12-12 13:03:39,491 : WARNING : connectionpool : Retrying (Retry(total=2, connect=2, read=5, redirect=5, status=5)) after connection broken by 'NewConnectionError('<urllib3.connection.HTTPConnection object at 0x0000027B48007250>: Failed to establish a new connection: [WinError 10061] No connection could be made because the target machine actively refused it')': /api/2.0/mlflow/runs/create]
[2025-12-12 13:03:57,538 : WARNING : connectionpool : Retrying (Retry(total=1, connect=1, read=5, redirect=5, status=5)) after connection broken by 'NewConnectionError('<urllib3.connection.HTTPConnection object at 0x0000027B48007550>: Failed to establish a new connection: [WinError 10061] No connection could be made because the target machine actively refused it')': /api/2.0/mlflow/runs/create]
[2025-12-12 13:04:31,583 : WARNING : connectionpool : Retrying (Retry(total=0, connect=0, read=5, redirect=5, status=5)) after connection broken by 'NewConnectionError('<urllib3.connection.HTTPConnection object at 0x0000027B48007880>: Failed to establish a new connection: [WinError 10061] No connection could be made because the target machine actively refused it')': /api/2.0/mlflow/runs/create]
[2025-12-12 13:04:33,605 : ERROR : main : API request to http://127.0.0.1:5000/api/2.0/mlflow/runs/create failed with exception HTTPConnectionPool(host='127.0.0.1', port=5000): Max retries exceeded with url: /api/2.0/mlflow/runs/create (Caused by NewConnectionError('<urllib3.connection.HTTPConnection object at 0x0000027B48007C70>: Failed to establish a new connection: [WinError 10061] No connection could be made because the target machine actively refused it'))]
Traceback (most recent call last):
  File "C:\Users\thala\anaconda3\envs\myenv\lib\site-packages\urllib3\connection.py", line 198, in _new_conn
    sock = connection.create_connection(
  File "C:\Users\thala\anaconda3\envs\myenv\lib\site-packages\urllib3\util\connection.py", line 85, in create_connection
    raise err
  File "C:\Users\thala\anaconda3\envs\myenv\lib\site-packages\urllib3\util\connection.py", line 73, in create_connection
    sock.connect(sa)
ConnectionRefusedError: [WinError 10061] No connection could be made because the target machine actively refused it

The above exception was the direct cause of the following exception:

Traceback (most recent call last):
  File "C:\Users\thala\anaconda3\envs\myenv\lib\site-packages\urllib3\connectionpool.py", line 787, in urlopen
    response = self._make_request(
  File "C:\Users\thala\anaconda3\envs\myenv\lib\site-packages\urllib3\connectionpool.py", line 493, in _make_request
    conn.request(
  File "C:\Users\thala\anaconda3\envs\myenv\lib\site-packages\urllib3\connection.py", line 494, in request
    self.endheaders()
  File "C:\Users\thala\anaconda3\envs\myenv\lib\http\client.py", line 1280, in endheaders
    self._send_output(message_body, encode_chunked=encode_chunked)
  File "C:\Users\thala\anaconda3\envs\myenv\lib\http\client.py", line 1040, in _send_output
    self.send(msg)
  File "C:\Users\thala\anaconda3\envs\myenv\lib\http\client.py", line 980, in send
    self.connect()
  File "C:\Users\thala\anaconda3\envs\myenv\lib\site-packages\urllib3\connection.py", line 325, in connect
    self.sock = self._new_conn()
  File "C:\Users\thala\anaconda3\envs\myenv\lib\site-packages\urllib3\connection.py", line 213, in _new_conn
    raise NewConnectionError(
urllib3.exceptions.NewConnectionError: <urllib3.connection.HTTPConnection object at 0x0000027B48007C70>: Failed to establish a new connection: [WinError 10061] No connection could be made because the target machine actively refused it

The above exception was the direct cause of the following exception:

Traceback (most recent call last):
  File "C:\Users\thala\anaconda3\envs\myenv\lib\site-packages\requests\adapters.py", line 644, in send
    resp = conn.urlopen(
  File "C:\Users\thala\anaconda3\envs\myenv\lib\site-packages\urllib3\connectionpool.py", line 871, in urlopen
    return self.urlopen(
  File "C:\Users\thala\anaconda3\envs\myenv\lib\site-packages\urllib3\connectionpool.py", line 871, in urlopen
    return self.urlopen(
  File "C:\Users\thala\anaconda3\envs\myenv\lib\site-packages\urllib3\connectionpool.py", line 871, in urlopen
    return self.urlopen(
  [Previous line repeated 2 more times]
  File "C:\Users\thala\anaconda3\envs\myenv\lib\site-packages\urllib3\connectionpool.py", line 841, in urlopen
    retries = retries.increment(
  File "C:\Users\thala\anaconda3\envs\myenv\lib\site-packages\urllib3\util\retry.py", line 519, in increment
    raise MaxRetryError(_pool, url, reason) from reason  # type: ignore[arg-type]
urllib3.exceptions.MaxRetryError: HTTPConnectionPool(host='127.0.0.1', port=5000): Max retries exceeded with url: /api/2.0/mlflow/runs/create (Caused by NewConnectionError('<urllib3.connection.HTTPConnection object at 0x0000027B48007C70>: Failed to establish a new connection: [WinError 10061] No connection could be made because the target machine actively refused it'))

During handling of the above exception, another exception occurred:

Traceback (most recent call last):
  File "C:\Users\thala\anaconda3\envs\myenv\lib\site-packages\mlflow\utils\rest_utils.py", line 167, in http_request
    return _get_http_response_with_retries(
  File "C:\Users\thala\anaconda3\envs\myenv\lib\site-packages\mlflow\utils\rest_utils.py", line 98, in _get_http_response_with_retries
    return session.request(method, url, **kwargs)
  File "C:\Users\thala\anaconda3\envs\myenv\lib\site-packages\requests\sessions.py", line 589, in request
    resp = self.send(prep, **send_kwargs)
  File "C:\Users\thala\anaconda3\envs\myenv\lib\site-packages\requests\sessions.py", line 703, in send
    r = adapter.send(request, **kwargs)
  File "C:\Users\thala\anaconda3\envs\myenv\lib\site-packages\requests\adapters.py", line 677, in send
    raise ConnectionError(e, request=request)
requests.exceptions.ConnectionError: HTTPConnectionPool(host='127.0.0.1', port=5000): Max retries exceeded with url: /api/2.0/mlflow/runs/create (Caused by NewConnectionError('<urllib3.connection.HTTPConnection object at 0x0000027B48007C70>: Failed to establish a new connection: [WinError 10061] No connection could be made because the target machine actively refused it'))

During handling of the above exception, another exception occurred:

Traceback (most recent call last):
  File "C:\house-rent-prediction-model\main.py", line 48, in <module>
    obj.main()
  File "C:\house-rent-prediction-model\src\House_Rent_Prediction\pipeline\st_5_model_evaluation.py", line 13, in main
    model_eval.log_into_mlflow()
  File "C:\house-rent-prediction-model\src\House_Rent_Prediction\components\model_evaluation.py", line 34, in log_into_mlflow
    with mlflow.start_run():
  File "C:\Users\thala\anaconda3\envs\myenv\lib\site-packages\mlflow\tracking\fluent.py", line 350, in start_run
    active_run_obj = client.create_run(
  File "C:\Users\thala\anaconda3\envs\myenv\lib\site-packages\mlflow\tracking\client.py", line 275, in create_run
    return self._tracking_client.create_run(experiment_id, start_time, tags, run_name)
  File "C:\Users\thala\anaconda3\envs\myenv\lib\site-packages\mlflow\tracking\_tracking_service\client.py", line 131, in create_run
    return self.store.create_run(
  File "C:\Users\thala\anaconda3\envs\myenv\lib\site-packages\mlflow\store\tracking\rest_store.py", line 175, in create_run
    response_proto = self._call_endpoint(CreateRun, req_body)
  File "C:\Users\thala\anaconda3\envs\myenv\lib\site-packages\mlflow\store\tracking\rest_store.py", line 56, in _call_endpoint
    return call_endpoint(self.get_host_creds(), endpoint, method, json_body, response_proto)
  File "C:\Users\thala\anaconda3\envs\myenv\lib\site-packages\mlflow\utils\rest_utils.py", line 278, in call_endpoint
    response = http_request(
  File "C:\Users\thala\anaconda3\envs\myenv\lib\site-packages\mlflow\utils\rest_utils.py", line 185, in http_request
    raise MlflowException(f"API request to {url} failed with exception {e}")
mlflow.exceptions.MlflowException: API request to http://127.0.0.1:5000/api/2.0/mlflow/runs/create failed with exception HTTPConnectionPool(host='127.0.0.1', port=5000): Max retries exceeded with url: /api/2.0/mlflow/runs/create (Caused by NewConnectionError('<urllib3.connection.HTTPConnection object at 0x0000027B48007C70>: Failed to establish a new connection: [WinError 10061] No connection could be made because the target machine actively refused it'))
